Log file open, 11/03/21 01:26:24
LogWindows: Failed to load 'aqProf.dll' (GetLastError=126)
LogWindows: File 'aqProf.dll' does not exist
LogWindows: Failed to load 'VtuneApi.dll' (GetLastError=126)
LogWindows: File 'VtuneApi.dll' does not exist
LogWindows: Failed to load 'VtuneApi32e.dll' (GetLastError=126)
LogWindows: File 'VtuneApi32e.dll' does not exist
LogConsoleResponse: Display: Failed to find resolution value strings in scalability ini. Falling back to default.
LogConsoleResponse: Display: Failed to find resolution value strings in scalability ini. Falling back to default.
LogInit: Display: Running engine for game: FPS
LogInit: Display: Project file not found: ../../../FPS/FPS.uproject
LogInit: Display: 	Attempting to find via project info helper.
LogUProjectInfo: Found projects:
LogPakFile: Display: Found Pak file ../../../FPS/Content/Paks/FPS-WindowsNoEditor.pak attempting to mount.
LogPakFile: Display: Mounting pak file ../../../FPS/Content/Paks/FPS-WindowsNoEditor.pak.
LogPakFile: PakFile PrimaryIndexSize=27090
LogPakFile: PakFile PathHashIndexSize=45755
LogPakFile: PakFile FullDirectoryIndexSize=56729
LogShaderLibrary: Display: ShaderCodeLibraryPakFileMountedCallback: PakFile '../../../FPS/Content/Paks/FPS-WindowsNoEditor.pak' (chunk index -1, root '../../../') mounted
LogShaderLibrary: Display: ShaderCodeLibraryPakFileMountedCallback: pending pak file info (ChunkID:-1 Root:../../../ File:../../../FPS/Content/Paks/FPS-WindowsNoEditor.pak)
LogPakFile: OnPakFileMounted2Time == 0.000079
LogPlatformFile: Not using cached read wrapper
LogTaskGraph: Started task graph with 5 named threads and 14 total threads with 3 sets of task threads.
LogStats: Stats thread started at 0.157161
LogICUInternationalization: ICU TimeZone Detection - Raw Offset: -6:00, Platform Override: ''
LogInit: Display: Loading text-based GConfig....
LogPluginManager: Mounting plugin Paper2D
LogPluginManager: Mounting plugin AISupport
LogPluginManager: Mounting plugin EnvironmentQueryEditor
LogPluginManager: Mounting plugin LightPropagationVolume
LogPluginManager: Mounting plugin CameraShakePreviewer
LogPluginManager: Mounting plugin GameplayCameras
LogPluginManager: Mounting plugin TemplateSequence
LogPluginManager: Mounting plugin LevelSequenceEditor
LogPluginManager: Mounting plugin OodleData
LogPluginManager: Mounting plugin OodleNetwork
LogPluginManager: Mounting plugin AnimationSharing
LogPluginManager: Mounting plugin SignificanceManager
LogPluginManager: Mounting plugin PixWinPlugin
LogPluginManager: Mounting plugin PluginUtils
LogPluginManager: Mounting plugin PropertyAccessEditor
LogPluginManager: Mounting plugin UObjectPlugin
LogPluginManager: Mounting plugin AssetManagerEditor
LogPluginManager: Mounting plugin FacialAnimation
LogPluginManager: Mounting plugin GeometryMode
LogPluginManager: Mounting plugin SpeedTreeImporter
LogPluginManager: Mounting plugin DatasmithContent
LogPluginManager: Mounting plugin VariantManagerContent
LogPluginManager: Mounting plugin AlembicImporter
LogPluginManager: Mounting plugin GeometryCache
LogPluginManager: Mounting plugin AutomationUtils
LogPluginManager: Mounting plugin ScreenshotTools
LogPluginManager: Mounting plugin BackChannel
LogPluginManager: Mounting plugin ChaosClothEditor
LogPluginManager: Mounting plugin ChaosCloth
LogPluginManager: Mounting plugin ChaosEditor
LogPluginManager: Mounting plugin PlanarCut
LogPluginManager: Mounting plugin GeometryProcessing
LogPluginManager: Mounting plugin EditableMesh
LogPluginManager: Mounting plugin GeometryCollectionPlugin
LogPluginManager: Mounting plugin ProceduralMeshComponent
LogPluginManager: Mounting plugin ChaosSolverPlugin
LogPluginManager: Mounting plugin ChaosNiagara
LogPluginManager: Mounting plugin Niagara
LogPluginManager: Mounting plugin PythonScriptPlugin
LogPluginManager: Mounting plugin CharacterAI
LogPluginManager: Mounting plugin MotoSynth
LogPluginManager: Mounting plugin OpenImageDenoise
LogPluginManager: Mounting plugin PlatformCrypto
LogPluginManager: Mounting plugin MagicLeapPassableWorld
LogPluginManager: Mounting plugin MagicLeap
LogPluginManager: Mounting plugin MLSDK
LogPluginManager: Mounting plugin MagicLeapLightEstimation
LogPluginManager: Mounting plugin AvfMedia
LogPluginManager: Mounting plugin ImgMedia
LogPluginManager: Mounting plugin MediaCompositing
LogPluginManager: Mounting plugin WmfMedia
LogPluginManager: Mounting plugin MeshPainting
LogPluginManager: Mounting plugin TcpMessaging
LogPluginManager: Mounting plugin UdpMessaging
LogPluginManager: Mounting plugin ActorSequence
LogPluginManager: Mounting plugin MatineeToLevelSequence
LogPluginManager: Mounting plugin OnlineSubsystemNull
LogPluginManager: Mounting plugin OnlineSubsystem
LogPluginManager: Mounting plugin OnlineSubsystemUtils
LogPluginManager: Mounting plugin LauncherChunkInstaller
LogPluginManager: Mounting plugin ActorLayerUtilities
LogPluginManager: Mounting plugin AndroidPermission
LogPluginManager: Mounting plugin AppleImageUtils
LogPluginManager: Mounting plugin ArchVisCharacter
LogPluginManager: Mounting plugin AssetTags
LogPluginManager: Mounting plugin AudioCapture
LogPluginManager: Mounting plugin CableComponent
LogPluginManager: Mounting plugin ChunkDownloader
LogPluginManager: Mounting plugin CustomMeshComponent
LogPluginManager: Mounting plugin ExampleDeviceProfileSelector
LogPluginManager: Mounting plugin GooglePAD
LogPluginManager: Mounting plugin LocationServicesBPLibrary
LogPluginManager: Mounting plugin MobilePatchingUtils
LogPluginManager: Mounting plugin OculusVR
LogPluginManager: Mounting plugin OpenXREyeTracker
LogPluginManager: Mounting plugin OpenXR
LogPluginManager: Mounting plugin OpenXRHandTracking
LogPluginManager: Mounting plugin LiveLink
LogPluginManager: Mounting plugin Takes
LogPluginManager: Mounting plugin PhysXVehicles
LogPluginManager: Mounting plugin RuntimePhysXCooking
LogPluginManager: Mounting plugin SoundFields
LogPluginManager: Mounting plugin SteamVR
LogPluginManager: Mounting plugin Synthesis
LogPluginManager: Mounting plugin AudioSynesthesia
LogPluginManager: Mounting plugin WebMMoviePlayer
LogPluginManager: Mounting plugin WebMMedia
LogPluginManager: Mounting plugin WindowsMoviePlayer
PixWinPlugin: PIX capture plugin failed to initialize! Check that the process is launched from PIX.
LogLuminAPIImpl: Warning: MLSDK not found.  This likely means the MLSDK environment variable is not set.
LogInit: Using libcurl 7.55.1-DEV
LogInit:  - built for x86_64-pc-win32
LogInit:  - supports SSL with OpenSSL/1.1.1
LogInit:  - supports HTTP deflate (compression) using libz 1.2.8
LogInit:  - other features:
LogInit:      CURL_VERSION_SSL
LogInit:      CURL_VERSION_LIBZ
LogInit:      CURL_VERSION_IPV6
LogInit:      CURL_VERSION_ASYNCHDNS
LogInit:      CURL_VERSION_LARGEFILE
LogInit:      CURL_VERSION_IDN
LogInit:  CurlRequestOptions (configurable via config and command line):
LogInit:  - bVerifyPeer = true  - Libcurl will verify peer certificate
LogInit:  - bUseHttpProxy = false  - Libcurl will NOT use HTTP proxy
LogInit:  - bDontReuseConnections = false  - Libcurl will reuse connections
LogInit:  - MaxHostConnections = 16  - Libcurl will limit the number of connections to a host
LogInit:  - LocalHostAddr = Default
LogInit:  - BufferSize = 65536
LogOnline: OSS: Creating online subsystem instance for: NULL
LogInit: WinSock: version 1.1 (2.2), MaxSocks=32767, MaxUdp=65467
LogOnline: OSS: TryLoadSubsystemAndSetDefault: Loaded subsystem for module [NULL]
LogOculusPluginWrapper: OculusPlugin initialized successfully
LogHMD: Failed initializing OVRPlugin 1.59.0
LogInit: Build: ++UE4+Release-4.27-CL-17155196
LogInit: Engine Version: 4.27.0-17155196+++UE4+Release-4.27
LogInit: Compatible Engine Version: 4.27.0-17155196+++UE4+Release-4.27
LogInit: Net CL: 17155196
LogInit: OS: Windows 10 (Release 2009) (), CPU: Intel(R) Core(TM) i5-6500 CPU @ 3.20GHz, GPU: Intel(R) HD Graphics 530
LogInit: Compiled (64-bit): Aug 13 2021 06:15:49
LogInit: Compiled with Visual C++: 19.16.27032.01
LogInit: Build Configuration: Development
LogInit: Branch Name: ++UE4+Release-4.27
LogInit: Command Line: 
LogInit: Base Directory: C:/Users/Family/Desktop/UE4 projects/UE4-First-Person-Shooter/First-Person-Shooter Michaelerano Bolden/WindowsNoEditor/Engine/Binaries/Win64/
LogInit: Allocator: binned2
LogInit: Installed Engine Build: 0
LogDevObjectVersion: Number of dev versions registered: 29
LogDevObjectVersion:   Dev-Blueprints (B0D832E4-1F89-4F0D-ACCF-7EB736FD4AA2): 10
LogDevObjectVersion:   Dev-Build (E1C64328-A22C-4D53-A36C-8E866417BD8C): 0
LogDevObjectVersion:   Dev-Core (375EC13C-06E4-48FB-B500-84F0262A717E): 4
LogDevObjectVersion:   Dev-Editor (E4B068ED-F494-42E9-A231-DA0B2E46BB41): 40
LogDevObjectVersion:   Dev-Framework (CFFC743F-43B0-4480-9391-14DF171D2073): 37
LogDevObjectVersion:   Dev-Mobile (B02B49B5-BB20-44E9-A304-32B752E40360): 3
LogDevObjectVersion:   Dev-Networking (A4E4105C-59A1-49B5-A7C5-40C4547EDFEE): 0
LogDevObjectVersion:   Dev-Online (39C831C9-5AE6-47DC-9A44-9C173E1C8E7C): 0
LogDevObjectVersion:   Dev-Physics (78F01B33-EBEA-4F98-B9B4-84EACCB95AA2): 14
LogDevObjectVersion:   Dev-Platform (6631380F-2D4D-43E0-8009-CF276956A95A): 0
LogDevObjectVersion:   Dev-Rendering (12F88B9F-8875-4AFC-A67C-D90C383ABD29): 45
LogDevObjectVersion:   Dev-Sequencer (7B5AE74C-D270-4C10-A958-57980B212A5A): 13
LogDevObjectVersion:   Dev-VR (D7296918-1DD6-4BDD-9DE2-64A83CC13884): 3
LogDevObjectVersion:   Dev-LoadTimes (C2A15278-BFE7-4AFE-6C17-90FF531DF755): 1
LogDevObjectVersion:   Private-Geometry (6EACA3D4-40EC-4CC1-B786-8BED09428FC5): 3
LogDevObjectVersion:   Dev-AnimPhys (29E575DD-E0A3-4627-9D10-D276232CDCEA): 17
LogDevObjectVersion:   Dev-Anim (AF43A65D-7FD3-4947-9873-3E8ED9C1BB05): 15
LogDevObjectVersion:   Dev-ReflectionCapture (6B266CEC-1EC7-4B8F-A30B-E4D90942FC07): 1
LogDevObjectVersion:   Dev-Automation (0DF73D61-A23F-47EA-B727-89E90C41499A): 1
LogDevObjectVersion:   FortniteMain (601D1886-AC64-4F84-AA16-D3DE0DEAC7D6): 47
LogDevObjectVersion:   FortniteRelease (E7086368-6B23-4C58-8439-1B7016265E91): 1
LogDevObjectVersion:   Dev-Enterprise (9DFFBCD6-494F-0158-E221-12823C92A888): 10
LogDevObjectVersion:   Dev-Niagara (F2AED0AC-9AFE-416F-8664-AA7FFA26D6FC): 1
LogDevObjectVersion:   Dev-Destruction (174F1F0B-B4C6-45A5-B13F-2EE8D0FB917D): 10
LogDevObjectVersion:   Dev-Physics-Ext (35F94A83-E258-406C-A318-09F59610247C): 41
LogDevObjectVersion:   Dev-PhysicsMaterial-Chaos (B68FC16E-8B1B-42E2-B453-215C058844FE): 1
LogDevObjectVersion:   Dev-CineCamera (B2E18506-4273-CFC2-A54E-F4BB758BBA07): 1
LogDevObjectVersion:   Dev-VirtualProduction (64F58936-FD1B-42BA-BA96-7289D5D0FA4E): 1
LogDevObjectVersion:   Dev-MediaFramework (6F0ED827-A609-4895-9C91-998D90180EA4): 2
LogInit: Presizing for max 2097152 objects, including 1 objects not considered by GC, pre-allocating 0 bytes for permanent pool.
LogConfig: Applying CVar settings from Section [/Script/Engine.StreamingSettings] File [../../../FPS/Saved/Config/WindowsNoEditor/Engine.ini]
LogConfig: Setting CVar [[s.MinBulkDataSizeForAsyncLoading:131072]]
LogConfig: Setting CVar [[s.AsyncLoadingThreadEnabled:0]]
LogConfig: Setting CVar [[s.EventDrivenLoaderEnabled:1]]
LogConfig: Setting CVar [[s.WarnIfTimeLimitExceeded:0]]
LogConfig: Setting CVar [[s.TimeLimitExceededMultiplier:1.5]]
LogConfig: Setting CVar [[s.TimeLimitExceededMinTime:0.005]]
LogConfig: Setting CVar [[s.UseBackgroundLevelStreaming:1]]
LogConfig: Setting CVar [[s.PriorityAsyncLoadingExtraTime:15.0]]
LogConfig: Setting CVar [[s.LevelStreamingActorsUpdateTimeLimit:5.0]]
LogConfig: Setting CVar [[s.PriorityLevelStreamingActorsUpdateExtraTime:5.0]]
LogConfig: Setting CVar [[s.LevelStreamingComponentsRegistrationGranularity:10]]
LogConfig: Setting CVar [[s.UnregisterComponentsTimeLimit:1.0]]
LogConfig: Setting CVar [[s.LevelStreamingComponentsUnregistrationGranularity:5]]
LogConfig: Setting CVar [[s.FlushStreamingOnExit:1]]
LogStreaming: Display: Async Loading initialized: Event Driven Loader: true, Async Loading Thread: false, Async Post Load: true
LogInit: Object subsystem initialized
LogConfig: Setting CVar [[con.DebugEarlyDefault:1]]
LogConfig: Setting CVar [[r.setres:1280x720]]
LogConfig: Setting CVar [[fx.NiagaraAllowRuntimeScalabilityChanges:1]]
[2021.11.03-06.26.25:147][  0]LogConfig: Setting CVar [[con.DebugEarlyDefault:1]]
[2021.11.03-06.26.25:147][  0]LogConfig: Setting CVar [[r.setres:1280x720]]
[2021.11.03-06.26.25:147][  0]LogConfig: Setting CVar [[fx.NiagaraAllowRuntimeScalabilityChanges:1]]
[2021.11.03-06.26.25:147][  0]LogConfig: Applying CVar settings from Section [/Script/Engine.RendererSettings] File [../../../FPS/Saved/Config/WindowsNoEditor/Engine.ini]
[2021.11.03-06.26.25:147][  0]LogConfig: Setting CVar [[r.GPUCrashDebugging:0]]
[2021.11.03-06.26.25:147][  0]LogConfig: Applying CVar settings from Section [/Script/Engine.RendererOverrideSettings] File [../../../FPS/Saved/Config/WindowsNoEditor/Engine.ini]
[2021.11.03-06.26.25:147][  0]LogConfig: Applying CVar settings from Section [/Script/Engine.StreamingSettings] File [../../../FPS/Saved/Config/WindowsNoEditor/Engine.ini]
[2021.11.03-06.26.25:147][  0]LogConfig: Setting CVar [[s.MinBulkDataSizeForAsyncLoading:131072]]
[2021.11.03-06.26.25:147][  0]LogConfig: Setting CVar [[s.AsyncLoadingThreadEnabled:0]]
[2021.11.03-06.26.25:147][  0]LogConfig: Setting CVar [[s.EventDrivenLoaderEnabled:1]]
[2021.11.03-06.26.25:147][  0]LogConfig: Setting CVar [[s.WarnIfTimeLimitExceeded:0]]
[2021.11.03-06.26.25:147][  0]LogConfig: Setting CVar [[s.TimeLimitExceededMultiplier:1.5]]
[2021.11.03-06.26.25:148][  0]LogConfig: Setting CVar [[s.TimeLimitExceededMinTime:0.005]]
[2021.11.03-06.26.25:148][  0]LogConfig: Setting CVar [[s.UseBackgroundLevelStreaming:1]]
[2021.11.03-06.26.25:148][  0]LogConfig: Setting CVar [[s.PriorityAsyncLoadingExtraTime:15.0]]
[2021.11.03-06.26.25:148][  0]LogConfig: Setting CVar [[s.LevelStreamingActorsUpdateTimeLimit:5.0]]
[2021.11.03-06.26.25:148][  0]LogConfig: Setting CVar [[s.PriorityLevelStreamingActorsUpdateExtraTime:5.0]]
[2021.11.03-06.26.25:148][  0]LogConfig: Setting CVar [[s.LevelStreamingComponentsRegistrationGranularity:10]]
[2021.11.03-06.26.25:148][  0]LogConfig: Setting CVar [[s.UnregisterComponentsTimeLimit:1.0]]
[2021.11.03-06.26.25:148][  0]LogConfig: Setting CVar [[s.LevelStreamingComponentsUnregistrationGranularity:5]]
[2021.11.03-06.26.25:148][  0]LogConfig: Setting CVar [[s.FlushStreamingOnExit:1]]
[2021.11.03-06.26.25:148][  0]LogConfig: Applying CVar settings from Section [/Script/Engine.GarbageCollectionSettings] File [../../../FPS/Saved/Config/WindowsNoEditor/Engine.ini]
[2021.11.03-06.26.25:148][  0]LogConfig: Setting CVar [[gc.MaxObjectsNotConsideredByGC:1]]
[2021.11.03-06.26.25:148][  0]LogConfig: Setting CVar [[gc.SizeOfPermanentObjectPool:0]]
[2021.11.03-06.26.25:148][  0]LogConfig: Setting CVar [[gc.FlushStreamingOnGC:0]]
[2021.11.03-06.26.25:148][  0]LogConfig: Setting CVar [[gc.NumRetriesBeforeForcingGC:10]]
[2021.11.03-06.26.25:148][  0]LogConfig: Setting CVar [[gc.AllowParallelGC:1]]
[2021.11.03-06.26.25:148][  0]LogConfig: Setting CVar [[gc.TimeBetweenPurgingPendingKillObjects:61.1]]
[2021.11.03-06.26.25:148][  0]LogConfig: Setting CVar [[gc.MaxObjectsInEditor:25165824]]
[2021.11.03-06.26.25:148][  0]LogConfig: Setting CVar [[gc.IncrementalBeginDestroyEnabled:1]]
[2021.11.03-06.26.25:148][  0]LogConfig: Setting CVar [[gc.CreateGCClusters:1]]
[2021.11.03-06.26.25:148][  0]LogConfig: Setting CVar [[gc.MinGCClusterSize:5]]
[2021.11.03-06.26.25:148][  0]LogConfig: Setting CVar [[gc.ActorClusteringEnabled:0]]
[2021.11.03-06.26.25:148][  0]LogConfig: Setting CVar [[gc.BlueprintClusteringEnabled:0]]
[2021.11.03-06.26.25:148][  0]LogConfig: Setting CVar [[gc.UseDisregardForGCOnDedicatedServers:0]]
[2021.11.03-06.26.25:148][  0]LogConfig: Setting CVar [[gc.MultithreadedDestructionEnabled:1]]
[2021.11.03-06.26.25:148][  0]LogConfig: Applying CVar settings from Section [/Script/Engine.NetworkSettings] File [../../../FPS/Saved/Config/WindowsNoEditor/Engine.ini]
[2021.11.03-06.26.25:159][  0]LogConfig: Applying CVar settings from Section [ViewDistanceQuality@3] File [../../../FPS/Saved/Config/WindowsNoEditor/Scalability.ini]
[2021.11.03-06.26.25:159][  0]LogConfig: Setting CVar [[r.SkeletalMeshLODBias:0]]
[2021.11.03-06.26.25:159][  0]LogConfig: Setting CVar [[r.ViewDistanceScale:1.0]]
[2021.11.03-06.26.25:159][  0]LogConfig: Applying CVar settings from Section [AntiAliasingQuality@3] File [../../../FPS/Saved/Config/WindowsNoEditor/Scalability.ini]
[2021.11.03-06.26.25:159][  0]LogConfig: Setting CVar [[r.PostProcessAAQuality:4]]
[2021.11.03-06.26.25:159][  0]LogConfig: Applying CVar settings from Section [ShadowQuality@3] File [../../../FPS/Saved/Config/WindowsNoEditor/Scalability.ini]
[2021.11.03-06.26.25:159][  0]LogConfig: Setting CVar [[r.LightFunctionQuality:1]]
[2021.11.03-06.26.25:159][  0]LogConfig: Setting CVar [[r.ShadowQuality:5]]
[2021.11.03-06.26.25:159][  0]LogConfig: Setting CVar [[r.Shadow.CSM.MaxCascades:10]]
[2021.11.03-06.26.25:160][  0]LogConfig: Setting CVar [[r.Shadow.MaxResolution:2048]]
[2021.11.03-06.26.25:160][  0]LogConfig: Setting CVar [[r.Shadow.MaxCSMResolution:2048]]
[2021.11.03-06.26.25:160][  0]LogConfig: Setting CVar [[r.Shadow.RadiusThreshold:0.01]]
[2021.11.03-06.26.25:160][  0]LogConfig: Setting CVar [[r.Shadow.DistanceScale:1.0]]
[2021.11.03-06.26.25:160][  0]LogConfig: Setting CVar [[r.Shadow.CSM.TransitionScale:1.0]]
[2021.11.03-06.26.25:160][  0]LogConfig: Setting CVar [[r.Shadow.PreShadowResolutionFactor:1.0]]
[2021.11.03-06.26.25:160][  0]LogConfig: Setting CVar [[r.DistanceFieldShadowing:1]]
[2021.11.03-06.26.25:160][  0]LogConfig: Setting CVar [[r.DistanceFieldAO:1]]
[2021.11.03-06.26.25:160][  0]LogConfig: Setting CVar [[r.AOQuality:2]]
[2021.11.03-06.26.25:160][  0]LogConfig: Setting CVar [[r.VolumetricFog:1]]
[2021.11.03-06.26.25:160][  0]LogConfig: Setting CVar [[r.VolumetricFog.GridPixelSize:8]]
[2021.11.03-06.26.25:160][  0]LogConfig: Setting CVar [[r.VolumetricFog.GridSizeZ:128]]
[2021.11.03-06.26.25:160][  0]LogConfig: Setting CVar [[r.VolumetricFog.HistoryMissSupersampleCount:4]]
[2021.11.03-06.26.25:160][  0]LogConfig: Setting CVar [[r.LightMaxDrawDistanceScale:1]]
[2021.11.03-06.26.25:160][  0]LogConfig: Setting CVar [[r.CapsuleShadows:1]]
[2021.11.03-06.26.25:160][  0]LogConfig: Applying CVar settings from Section [PostProcessQuality@3] File [../../../FPS/Saved/Config/WindowsNoEditor/Scalability.ini]
[2021.11.03-06.26.25:160][  0]LogConfig: Setting CVar [[r.MotionBlurQuality:4]]
[2021.11.03-06.26.25:160][  0]LogConfig: Setting CVar [[r.AmbientOcclusionMipLevelFactor:0.4]]
[2021.11.03-06.26.25:160][  0]LogConfig: Setting CVar [[r.AmbientOcclusionMaxQuality:100]]
[2021.11.03-06.26.25:160][  0]LogConfig: Setting CVar [[r.AmbientOcclusionLevels:-1]]
[2021.11.03-06.26.25:160][  0]LogConfig: Setting CVar [[r.AmbientOcclusionRadiusScale:1.0]]
[2021.11.03-06.26.25:160][  0]LogConfig: Setting CVar [[r.DepthOfFieldQuality:2]]
[2021.11.03-06.26.25:160][  0]LogConfig: Setting CVar [[r.RenderTargetPoolMin:400]]
[2021.11.03-06.26.25:160][  0]LogConfig: Setting CVar [[r.LensFlareQuality:2]]
[2021.11.03-06.26.25:160][  0]LogConfig: Setting CVar [[r.SceneColorFringeQuality:1]]
[2021.11.03-06.26.25:160][  0]LogConfig: Setting CVar [[r.EyeAdaptationQuality:2]]
[2021.11.03-06.26.25:160][  0]LogConfig: Setting CVar [[r.BloomQuality:5]]
[2021.11.03-06.26.25:160][  0]LogConfig: Setting CVar [[r.FastBlurThreshold:100]]
[2021.11.03-06.26.25:160][  0]LogConfig: Setting CVar [[r.Upscale.Quality:3]]
[2021.11.03-06.26.25:160][  0]LogConfig: Setting CVar [[r.Tonemapper.GrainQuantization:1]]
[2021.11.03-06.26.25:161][  0]LogConfig: Setting CVar [[r.LightShaftQuality:1]]
[2021.11.03-06.26.25:161][  0]LogConfig: Setting CVar [[r.Filter.SizeScale:1]]
[2021.11.03-06.26.25:161][  0]LogConfig: Setting CVar [[r.Tonemapper.Quality:5]]
[2021.11.03-06.26.25:161][  0]LogConfig: Setting CVar [[r.DOF.Gather.AccumulatorQuality:1        ; higher gathering accumulator quality]]
[2021.11.03-06.26.25:161][  0]LogConfig: Setting CVar [[r.DOF.Gather.PostfilterMethod:1          ; Median3x3 postfilering method]]
[2021.11.03-06.26.25:161][  0]LogConfig: Setting CVar [[r.DOF.Gather.EnableBokehSettings:0       ; no bokeh simulation when gathering]]
[2021.11.03-06.26.25:161][  0]LogConfig: Setting CVar [[r.DOF.Gather.RingCount:4                 ; medium number of samples when gathering]]
[2021.11.03-06.26.25:161][  0]LogConfig: Setting CVar [[r.DOF.Scatter.ForegroundCompositing:1    ; additive foreground scattering]]
[2021.11.03-06.26.25:161][  0]LogConfig: Setting CVar [[r.DOF.Scatter.BackgroundCompositing:2    ; additive background scattering]]
[2021.11.03-06.26.25:161][  0]LogConfig: Setting CVar [[r.DOF.Scatter.EnableBokehSettings:1      ; bokeh simulation when scattering]]
[2021.11.03-06.26.25:161][  0]LogConfig: Setting CVar [[r.DOF.Scatter.MaxSpriteRatio:0.1         ; only a maximum of 10% of scattered bokeh]]
[2021.11.03-06.26.25:161][  0]LogConfig: Setting CVar [[r.DOF.Recombine.Quality:1                ; cheap slight out of focus]]
[2021.11.03-06.26.25:161][  0]LogConfig: Setting CVar [[r.DOF.Recombine.EnableBokehSettings:0    ; no bokeh simulation on slight out of focus]]
[2021.11.03-06.26.25:161][  0]LogConfig: Setting CVar [[r.DOF.TemporalAAQuality:1                ; more stable temporal accumulation]]
[2021.11.03-06.26.25:161][  0]LogConfig: Setting CVar [[r.DOF.Kernel.MaxForegroundRadius:0.025]]
[2021.11.03-06.26.25:161][  0]LogConfig: Setting CVar [[r.DOF.Kernel.MaxBackgroundRadius:0.025]]
[2021.11.03-06.26.25:161][  0]LogConfig: Applying CVar settings from Section [TextureQuality@3] File [../../../FPS/Saved/Config/WindowsNoEditor/Scalability.ini]
[2021.11.03-06.26.25:161][  0]LogConfig: Setting CVar [[r.Streaming.MipBias:0]]
[2021.11.03-06.26.25:161][  0]LogConfig: Setting CVar [[r.Streaming.AmortizeCPUToGPUCopy:0]]
[2021.11.03-06.26.25:161][  0]LogConfig: Setting CVar [[r.Streaming.MaxNumTexturesToStreamPerFrame:0]]
[2021.11.03-06.26.25:161][  0]LogConfig: Setting CVar [[r.Streaming.Boost:1]]
[2021.11.03-06.26.25:161][  0]LogConfig: Setting CVar [[r.MaxAnisotropy:8]]
[2021.11.03-06.26.25:161][  0]LogConfig: Setting CVar [[r.VT.MaxAnisotropy:8]]
[2021.11.03-06.26.25:161][  0]LogConfig: Setting CVar [[r.Streaming.LimitPoolSizeToVRAM:0]]
[2021.11.03-06.26.25:161][  0]LogConfig: Setting CVar [[r.Streaming.PoolSize:1000]]
[2021.11.03-06.26.25:161][  0]LogConfig: Setting CVar [[r.Streaming.MaxEffectiveScreenSize:0]]
[2021.11.03-06.26.25:161][  0]LogConfig: Applying CVar settings from Section [EffectsQuality@3] File [../../../FPS/Saved/Config/WindowsNoEditor/Scalability.ini]
[2021.11.03-06.26.25:161][  0]LogConfig: Setting CVar [[r.TranslucencyLightingVolumeDim:64]]
[2021.11.03-06.26.25:161][  0]LogConfig: Setting CVar [[r.RefractionQuality:2]]
[2021.11.03-06.26.25:161][  0]LogConfig: Setting CVar [[r.SSR.Quality:3]]
[2021.11.03-06.26.25:161][  0]LogConfig: Setting CVar [[r.SSR.HalfResSceneColor:0]]
[2021.11.03-06.26.25:161][  0]LogConfig: Setting CVar [[r.SceneColorFormat:4]]
[2021.11.03-06.26.25:161][  0]LogConfig: Setting CVar [[r.DetailMode:2]]
[2021.11.03-06.26.25:161][  0]LogConfig: Setting CVar [[r.TranslucencyVolumeBlur:1]]
[2021.11.03-06.26.25:161][  0]LogConfig: Setting CVar [[r.MaterialQualityLevel:1 ; High quality]]
[2021.11.03-06.26.25:161][  0]LogConfig: Setting CVar [[r.AnisotropicMaterials:1]]
[2021.11.03-06.26.25:161][  0]LogConfig: Setting CVar [[r.SSS.Scale:1]]
[2021.11.03-06.26.25:161][  0]LogConfig: Setting CVar [[r.SSS.SampleSet:2]]
[2021.11.03-06.26.25:161][  0]LogConfig: Setting CVar [[r.SSS.Quality:1]]
[2021.11.03-06.26.25:161][  0]LogConfig: Setting CVar [[r.SSS.HalfRes:0]]
[2021.11.03-06.26.25:162][  0]LogConfig: Setting CVar [[r.SSGI.Quality:3]]
[2021.11.03-06.26.25:162][  0]LogConfig: Setting CVar [[r.EmitterSpawnRateScale:1.0]]
[2021.11.03-06.26.25:162][  0]LogConfig: Setting CVar [[r.ParticleLightQuality:2]]
[2021.11.03-06.26.25:162][  0]LogConfig: Setting CVar [[r.SkyAtmosphere.AerialPerspectiveLUT.FastApplyOnOpaque:1 ; Always have FastSkyLUT 1 in this case to avoid wrong sky]]
[2021.11.03-06.26.25:162][  0]LogConfig: Setting CVar [[r.SkyAtmosphere.AerialPerspectiveLUT.SampleCountMaxPerSlice:4]]
[2021.11.03-06.26.25:162][  0]LogConfig: Setting CVar [[r.SkyAtmosphere.AerialPerspectiveLUT.DepthResolution:16.0]]
[2021.11.03-06.26.25:162][  0]LogConfig: Setting CVar [[r.SkyAtmosphere.FastSkyLUT:1]]
[2021.11.03-06.26.25:162][  0]LogConfig: Setting CVar [[r.SkyAtmosphere.FastSkyLUT.SampleCountMin:4.0]]
[2021.11.03-06.26.25:162][  0]LogConfig: Setting CVar [[r.SkyAtmosphere.FastSkyLUT.SampleCountMax:128.0]]
[2021.11.03-06.26.25:162][  0]LogConfig: Setting CVar [[r.SkyAtmosphere.SampleCountMin:4.0]]
[2021.11.03-06.26.25:162][  0]LogConfig: Setting CVar [[r.SkyAtmosphere.SampleCountMax:128.0]]
[2021.11.03-06.26.25:162][  0]LogConfig: Setting CVar [[r.SkyAtmosphere.TransmittanceLUT.UseSmallFormat:0]]
[2021.11.03-06.26.25:162][  0]LogConfig: Setting CVar [[r.SkyAtmosphere.TransmittanceLUT.SampleCount:10.0]]
[2021.11.03-06.26.25:162][  0]LogConfig: Setting CVar [[r.SkyAtmosphere.MultiScatteringLUT.SampleCount:15.0]]
[2021.11.03-06.26.25:162][  0]LogConfig: Setting CVar [[r.SkyLight.RealTimeReflectionCapture:1]]
[2021.11.03-06.26.25:162][  0]LogConfig: Setting CVar [[fx.Niagara.QualityLevel:3]]
[2021.11.03-06.26.25:162][  0]LogConfig: Applying CVar settings from Section [FoliageQuality@3] File [../../../FPS/Saved/Config/WindowsNoEditor/Scalability.ini]
[2021.11.03-06.26.25:162][  0]LogConfig: Setting CVar [[foliage.DensityScale:1.0]]
[2021.11.03-06.26.25:162][  0]LogConfig: Setting CVar [[grass.DensityScale:1.0]]
[2021.11.03-06.26.25:162][  0]LogConfig: Applying CVar settings from Section [ShadingQuality@3] File [../../../FPS/Saved/Config/WindowsNoEditor/Scalability.ini]
[2021.11.03-06.26.25:162][  0]LogConfig: Setting CVar [[r.HairStrands.SkyLighting.IntegrationType:2]]
[2021.11.03-06.26.25:162][  0]LogConfig: Setting CVar [[r.HairStrands.SkyAO.SampleCount:4]]
[2021.11.03-06.26.25:162][  0]LogConfig: Setting CVar [[r.HairStrands.Visibility.MSAA.SamplePerPixel:4]]
[2021.11.03-06.26.25:162][  0]LogInit: Selected Device Profile: [WindowsNoEditor]
[2021.11.03-06.26.25:162][  0]LogInit: Applying CVar settings loaded from the selected device profile: [WindowsNoEditor]
[2021.11.03-06.26.25:162][  0]LogHAL: Display: Platform has ~ 8 GB [8464728064 / 8589934592 / 8], which maps to Default [LargestMinGB=32, LargerMinGB=12, DefaultMinGB=8, SmallerMinGB=6, SmallestMinGB=0)
[2021.11.03-06.26.25:162][  0]LogInit: Going up to parent DeviceProfile [Windows]
[2021.11.03-06.26.25:162][  0]LogInit: Going up to parent DeviceProfile []
[2021.11.03-06.26.25:162][  0]LogConfig: Applying CVar settings from Section [ViewDistanceQuality@3] File [../../../FPS/Saved/Config/WindowsNoEditor/Scalability.ini]
[2021.11.03-06.26.25:162][  0]LogConfig: Setting CVar [[r.SkeletalMeshLODBias:0]]
[2021.11.03-06.26.25:162][  0]LogConfig: Setting CVar [[r.ViewDistanceScale:1.0]]
[2021.11.03-06.26.25:162][  0]LogConfig: Applying CVar settings from Section [AntiAliasingQuality@3] File [../../../FPS/Saved/Config/WindowsNoEditor/Scalability.ini]
[2021.11.03-06.26.25:162][  0]LogConfig: Setting CVar [[r.PostProcessAAQuality:4]]
[2021.11.03-06.26.25:162][  0]LogConfig: Applying CVar settings from Section [ShadowQuality@3] File [../../../FPS/Saved/Config/WindowsNoEditor/Scalability.ini]
[2021.11.03-06.26.25:162][  0]LogConfig: Setting CVar [[r.LightFunctionQuality:1]]
[2021.11.03-06.26.25:162][  0]LogConfig: Setting CVar [[r.ShadowQuality:5]]
[2021.11.03-06.26.25:162][  0]LogConfig: Setting CVar [[r.Shadow.CSM.MaxCascades:10]]
[2021.11.03-06.26.25:163][  0]LogConfig: Setting CVar [[r.Shadow.MaxResolution:2048]]
[2021.11.03-06.26.25:163][  0]LogConfig: Setting CVar [[r.Shadow.MaxCSMResolution:2048]]
[2021.11.03-06.26.25:163][  0]LogConfig: Setting CVar [[r.Shadow.RadiusThreshold:0.01]]
[2021.11.03-06.26.25:163][  0]LogConfig: Setting CVar [[r.Shadow.DistanceScale:1.0]]
[2021.11.03-06.26.25:163][  0]LogConfig: Setting CVar [[r.Shadow.CSM.TransitionScale:1.0]]
[2021.11.03-06.26.25:163][  0]LogConfig: Setting CVar [[r.Shadow.PreShadowResolutionFactor:1.0]]
[2021.11.03-06.26.25:163][  0]LogConfig: Setting CVar [[r.DistanceFieldShadowing:1]]
[2021.11.03-06.26.25:163][  0]LogConfig: Setting CVar [[r.DistanceFieldAO:1]]
[2021.11.03-06.26.25:163][  0]LogConfig: Setting CVar [[r.AOQuality:2]]
[2021.11.03-06.26.25:163][  0]LogConfig: Setting CVar [[r.VolumetricFog:1]]
[2021.11.03-06.26.25:163][  0]LogConfig: Setting CVar [[r.VolumetricFog.GridPixelSize:8]]
[2021.11.03-06.26.25:163][  0]LogConfig: Setting CVar [[r.VolumetricFog.GridSizeZ:128]]
[2021.11.03-06.26.25:163][  0]LogConfig: Setting CVar [[r.VolumetricFog.HistoryMissSupersampleCount:4]]
[2021.11.03-06.26.25:163][  0]LogConfig: Setting CVar [[r.LightMaxDrawDistanceScale:1]]
[2021.11.03-06.26.25:163][  0]LogConfig: Setting CVar [[r.CapsuleShadows:1]]
[2021.11.03-06.26.25:163][  0]LogConfig: Applying CVar settings from Section [PostProcessQuality@3] File [../../../FPS/Saved/Config/WindowsNoEditor/Scalability.ini]
[2021.11.03-06.26.25:163][  0]LogConfig: Setting CVar [[r.MotionBlurQuality:4]]
[2021.11.03-06.26.25:163][  0]LogConfig: Setting CVar [[r.AmbientOcclusionMipLevelFactor:0.4]]
[2021.11.03-06.26.25:163][  0]LogConfig: Setting CVar [[r.AmbientOcclusionMaxQuality:100]]
[2021.11.03-06.26.25:163][  0]LogConfig: Setting CVar [[r.AmbientOcclusionLevels:-1]]
[2021.11.03-06.26.25:163][  0]LogConfig: Setting CVar [[r.AmbientOcclusionRadiusScale:1.0]]
[2021.11.03-06.26.25:163][  0]LogConfig: Setting CVar [[r.DepthOfFieldQuality:2]]
[2021.11.03-06.26.25:163][  0]LogConfig: Setting CVar [[r.RenderTargetPoolMin:400]]
[2021.11.03-06.26.25:163][  0]LogConfig: Setting CVar [[r.LensFlareQuality:2]]
[2021.11.03-06.26.25:163][  0]LogConfig: Setting CVar [[r.SceneColorFringeQuality:1]]
[2021.11.03-06.26.25:163][  0]LogConfig: Setting CVar [[r.EyeAdaptationQuality:2]]
[2021.11.03-06.26.25:163][  0]LogConfig: Setting CVar [[r.BloomQuality:5]]
[2021.11.03-06.26.25:163][  0]LogConfig: Setting CVar [[r.FastBlurThreshold:100]]
[2021.11.03-06.26.25:163][  0]LogConfig: Setting CVar [[r.Upscale.Quality:3]]
[2021.11.03-06.26.25:163][  0]LogConfig: Setting CVar [[r.Tonemapper.GrainQuantization:1]]
[2021.11.03-06.26.25:163][  0]LogConfig: Setting CVar [[r.LightShaftQuality:1]]
[2021.11.03-06.26.25:163][  0]LogConfig: Setting CVar [[r.Filter.SizeScale:1]]
[2021.11.03-06.26.25:163][  0]LogConfig: Setting CVar [[r.Tonemapper.Quality:5]]
[2021.11.03-06.26.25:163][  0]LogConfig: Setting CVar [[r.DOF.Gather.AccumulatorQuality:1        ; higher gathering accumulator quality]]
[2021.11.03-06.26.25:163][  0]LogConfig: Setting CVar [[r.DOF.Gather.PostfilterMethod:1          ; Median3x3 postfilering method]]
[2021.11.03-06.26.25:163][  0]LogConfig: Setting CVar [[r.DOF.Gather.EnableBokehSettings:0       ; no bokeh simulation when gathering]]
[2021.11.03-06.26.25:163][  0]LogConfig: Setting CVar [[r.DOF.Gather.RingCount:4                 ; medium number of samples when gathering]]
[2021.11.03-06.26.25:163][  0]LogConfig: Setting CVar [[r.DOF.Scatter.ForegroundCompositing:1    ; additive foreground scattering]]
[2021.11.03-06.26.25:163][  0]LogConfig: Setting CVar [[r.DOF.Scatter.BackgroundCompositing:2    ; additive background scattering]]
[2021.11.03-06.26.25:163][  0]LogConfig: Setting CVar [[r.DOF.Scatter.EnableBokehSettings:1      ; bokeh simulation when scattering]]
[2021.11.03-06.26.25:163][  0]LogConfig: Setting CVar [[r.DOF.Scatter.MaxSpriteRatio:0.1         ; only a maximum of 10% of scattered bokeh]]
[2021.11.03-06.26.25:163][  0]LogConfig: Setting CVar [[r.DOF.Recombine.Quality:1                ; cheap slight out of focus]]
[2021.11.03-06.26.25:163][  0]LogConfig: Setting CVar [[r.DOF.Recombine.EnableBokehSettings:0    ; no bokeh simulation on slight out of focus]]
[2021.11.03-06.26.25:163][  0]LogConfig: Setting CVar [[r.DOF.TemporalAAQuality:1                ; more stable temporal accumulation]]
[2021.11.03-06.26.25:163][  0]LogConfig: Setting CVar [[r.DOF.Kernel.MaxForegroundRadius:0.025]]
[2021.11.03-06.26.25:163][  0]LogConfig: Setting CVar [[r.DOF.Kernel.MaxBackgroundRadius:0.025]]
[2021.11.03-06.26.25:164][  0]LogConfig: Applying CVar settings from Section [TextureQuality@3] File [../../../FPS/Saved/Config/WindowsNoEditor/Scalability.ini]
[2021.11.03-06.26.25:164][  0]LogConfig: Setting CVar [[r.Streaming.MipBias:0]]
[2021.11.03-06.26.25:164][  0]LogConfig: Setting CVar [[r.Streaming.AmortizeCPUToGPUCopy:0]]
[2021.11.03-06.26.25:164][  0]LogConfig: Setting CVar [[r.Streaming.MaxNumTexturesToStreamPerFrame:0]]
[2021.11.03-06.26.25:164][  0]LogConfig: Setting CVar [[r.Streaming.Boost:1]]
[2021.11.03-06.26.25:164][  0]LogConfig: Setting CVar [[r.MaxAnisotropy:8]]
[2021.11.03-06.26.25:164][  0]LogConfig: Setting CVar [[r.VT.MaxAnisotropy:8]]
[2021.11.03-06.26.25:164][  0]LogConfig: Setting CVar [[r.Streaming.LimitPoolSizeToVRAM:0]]
[2021.11.03-06.26.25:164][  0]LogConfig: Setting CVar [[r.Streaming.PoolSize:1000]]
[2021.11.03-06.26.25:164][  0]LogConfig: Setting CVar [[r.Streaming.MaxEffectiveScreenSize:0]]
[2021.11.03-06.26.25:164][  0]LogConfig: Applying CVar settings from Section [EffectsQuality@3] File [../../../FPS/Saved/Config/WindowsNoEditor/Scalability.ini]
[2021.11.03-06.26.25:164][  0]LogConfig: Setting CVar [[r.TranslucencyLightingVolumeDim:64]]
[2021.11.03-06.26.25:164][  0]LogConfig: Setting CVar [[r.RefractionQuality:2]]
[2021.11.03-06.26.25:164][  0]LogConfig: Setting CVar [[r.SSR.Quality:3]]
[2021.11.03-06.26.25:164][  0]LogConfig: Setting CVar [[r.SSR.HalfResSceneColor:0]]
[2021.11.03-06.26.25:164][  0]LogConfig: Setting CVar [[r.SceneColorFormat:4]]
[2021.11.03-06.26.25:164][  0]LogConfig: Setting CVar [[r.DetailMode:2]]
[2021.11.03-06.26.25:164][  0]LogConfig: Setting CVar [[r.TranslucencyVolumeBlur:1]]
[2021.11.03-06.26.25:164][  0]LogConfig: Setting CVar [[r.MaterialQualityLevel:1 ; High quality]]
[2021.11.03-06.26.25:164][  0]LogConfig: Setting CVar [[r.AnisotropicMaterials:1]]
[2021.11.03-06.26.25:164][  0]LogConfig: Setting CVar [[r.SSS.Scale:1]]
[2021.11.03-06.26.25:164][  0]LogConfig: Setting CVar [[r.SSS.SampleSet:2]]
[2021.11.03-06.26.25:164][  0]LogConfig: Setting CVar [[r.SSS.Quality:1]]
[2021.11.03-06.26.25:164][  0]LogConfig: Setting CVar [[r.SSS.HalfRes:0]]
[2021.11.03-06.26.25:164][  0]LogConfig: Setting CVar [[r.SSGI.Quality:3]]
[2021.11.03-06.26.25:164][  0]LogConfig: Setting CVar [[r.EmitterSpawnRateScale:1.0]]
[2021.11.03-06.26.25:164][  0]LogConfig: Setting CVar [[r.ParticleLightQuality:2]]
[2021.11.03-06.26.25:164][  0]LogConfig: Setting CVar [[r.SkyAtmosphere.AerialPerspectiveLUT.FastApplyOnOpaque:1 ; Always have FastSkyLUT 1 in this case to avoid wrong sky]]
[2021.11.03-06.26.25:164][  0]LogConfig: Setting CVar [[r.SkyAtmosphere.AerialPerspectiveLUT.SampleCountMaxPerSlice:4]]
[2021.11.03-06.26.25:164][  0]LogConfig: Setting CVar [[r.SkyAtmosphere.AerialPerspectiveLUT.DepthResolution:16.0]]
[2021.11.03-06.26.25:164][  0]LogConfig: Setting CVar [[r.SkyAtmosphere.FastSkyLUT:1]]
[2021.11.03-06.26.25:164][  0]LogConfig: Setting CVar [[r.SkyAtmosphere.FastSkyLUT.SampleCountMin:4.0]]
[2021.11.03-06.26.25:164][  0]LogConfig: Setting CVar [[r.SkyAtmosphere.FastSkyLUT.SampleCountMax:128.0]]
[2021.11.03-06.26.25:164][  0]LogConfig: Setting CVar [[r.SkyAtmosphere.SampleCountMin:4.0]]
[2021.11.03-06.26.25:164][  0]LogConfig: Setting CVar [[r.SkyAtmosphere.SampleCountMax:128.0]]
[2021.11.03-06.26.25:164][  0]LogConfig: Setting CVar [[r.SkyAtmosphere.TransmittanceLUT.UseSmallFormat:0]]
[2021.11.03-06.26.25:164][  0]LogConfig: Setting CVar [[r.SkyAtmosphere.TransmittanceLUT.SampleCount:10.0]]
[2021.11.03-06.26.25:164][  0]LogConfig: Setting CVar [[r.SkyAtmosphere.MultiScatteringLUT.SampleCount:15.0]]
[2021.11.03-06.26.25:164][  0]LogConfig: Setting CVar [[r.SkyLight.RealTimeReflectionCapture:1]]
[2021.11.03-06.26.25:164][  0]LogConfig: Setting CVar [[fx.Niagara.QualityLevel:3]]
[2021.11.03-06.26.25:164][  0]LogConfig: Applying CVar settings from Section [FoliageQuality@3] File [../../../FPS/Saved/Config/WindowsNoEditor/Scalability.ini]
[2021.11.03-06.26.25:164][  0]LogConfig: Setting CVar [[foliage.DensityScale:1.0]]
[2021.11.03-06.26.25:164][  0]LogConfig: Setting CVar [[grass.DensityScale:1.0]]
[2021.11.03-06.26.25:164][  0]LogConfig: Applying CVar settings from Section [ShadingQuality@3] File [../../../FPS/Saved/Config/WindowsNoEditor/Scalability.ini]
[2021.11.03-06.26.25:164][  0]LogConfig: Setting CVar [[r.HairStrands.SkyLighting.IntegrationType:2]]
[2021.11.03-06.26.25:164][  0]LogConfig: Setting CVar [[r.HairStrands.SkyAO.SampleCount:4]]
[2021.11.03-06.26.25:164][  0]LogConfig: Setting CVar [[r.HairStrands.Visibility.MSAA.SamplePerPixel:4]]
[2021.11.03-06.26.25:164][  0]LogConfig: Applying CVar settings from Section [Startup] File [../../../Engine/Config/ConsoleVariables.ini]
[2021.11.03-06.26.25:165][  0]LogConfig: Setting CVar [[net.UseAdaptiveNetUpdateFrequency:0]]
[2021.11.03-06.26.25:165][  0]LogConfig: Setting CVar [[p.chaos.AllowCreatePhysxBodies:1]]
[2021.11.03-06.26.25:165][  0]LogConfig: Setting CVar [[fx.SkipVectorVMBackendOptimizations:1]]
[2021.11.03-06.26.25:165][  0]LogConfig: Applying CVar settings from Section [ConsoleVariables] File [../../../FPS/Saved/Config/WindowsNoEditor/Engine.ini]
[2021.11.03-06.26.25:165][  0]LogInit: Computer: WINDOWS-VG96A5K
[2021.11.03-06.26.25:165][  0]LogInit: User: Family
[2021.11.03-06.26.25:165][  0]LogInit: CPU Page size=4096, Cores=4
[2021.11.03-06.26.25:165][  0]LogInit: High frequency timer resolution =10.000000 MHz
[2021.11.03-06.26.25:165][  0]LogMemory: Memory total: Physical=7.9GB (8GB approx)
[2021.11.03-06.26.25:165][  0]LogMemory: Platform Memory Stats for WindowsNoEditor
[2021.11.03-06.26.25:165][  0]LogMemory: Process Physical Memory: 78.14 MB used, 78.14 MB peak
[2021.11.03-06.26.25:165][  0]LogMemory: Process Virtual Memory: 79.19 MB used, 79.19 MB peak
[2021.11.03-06.26.25:165][  0]LogMemory: Physical Memory: 6287.02 MB used,  1785.57 MB free, 8072.59 MB total
[2021.11.03-06.26.25:165][  0]LogMemory: Virtual Memory: 134211632.00 MB used,  6094.21 MB free, 134217728.00 MB total
[2021.11.03-06.26.25:185][  0]LogWindows: WindowsPlatformFeatures enabled
[2021.11.03-06.26.25:800][  0]LogInit: Physics initialised using underlying interface: PhysX
[2021.11.03-06.26.25:800][  0]LogInit: Using OS detected language (en-US).
[2021.11.03-06.26.25:800][  0]LogInit: Using OS detected locale (en-US).
[2021.11.03-06.26.25:801][  0]LogTextLocalizationManager: No specific localization for 'en-US' exists, so the 'en' localization will be used.
[2021.11.03-06.26.26:017][  0]LogWindowsTextInputMethodSystem: Display: IME system deactivated.
[2021.11.03-06.26.26:057][  0]LogSlate: New Slate User Created.  User Index 0, Is Virtual User: 0
[2021.11.03-06.26.26:057][  0]LogSlate: Slate User Registered.  User Index 0, Is Virtual User: 0
[2021.11.03-06.26.26:141][  0]LogD3D11RHI: Loaded GFSDK_Aftermath_Lib.x64.dll
[2021.11.03-06.26.26:161][  0]LogHMD: Failed to initialize OpenVR with code 110
[2021.11.03-06.26.26:161][  0]LogD3D11RHI: D3D11 min allowed feature level: 11_0
[2021.11.03-06.26.26:161][  0]LogD3D11RHI: D3D11 max allowed feature level: 11_0
[2021.11.03-06.26.26:161][  0]LogD3D11RHI: D3D11 adapters:
[2021.11.03-06.26.27:424][  0]LogD3D11RHI:    0. 'Intel(R) HD Graphics 530' (Feature Level 11_0)
[2021.11.03-06.26.27:424][  0]LogD3D11RHI:       128/0/4036 MB DedicatedVideo/DedicatedSystem/SharedSystem, Outputs:1, VendorId:0x8086
[2021.11.03-06.26.27:470][  0]LogD3D11RHI:    1. 'Microsoft Basic Render Driver' (Feature Level 11_0)
[2021.11.03-06.26.27:470][  0]LogD3D11RHI:       0/0/4036 MB DedicatedVideo/DedicatedSystem/SharedSystem, Outputs:0, VendorId:0x1414
[2021.11.03-06.26.27:470][  0]LogD3D11RHI: Chosen D3D11 Adapter: 0
[2021.11.03-06.26.27:491][  0]LogD3D11RHI: Creating new Direct3DDevice
[2021.11.03-06.26.27:492][  0]LogD3D11RHI:     GPU DeviceId: 0x1912 (for the marketing name, search the web for "GPU Device Id")
[2021.11.03-06.26.27:492][  0]LogWindows: EnumDisplayDevices:
[2021.11.03-06.26.27:492][  0]LogWindows:    0. 'Intel(R) HD Graphics 530' (P:1 D:1)
[2021.11.03-06.26.27:492][  0]LogWindows:    1. 'Intel(R) HD Graphics 530' (P:0 D:0)
[2021.11.03-06.26.27:492][  0]LogWindows:    2. 'Intel(R) HD Graphics 530' (P:0 D:0)
[2021.11.03-06.26.27:493][  0]LogWindows: DebugString: FoundDriverCount:3 
[2021.11.03-06.26.27:493][  0]LogD3D11RHI:     Adapter Name: Intel(R) HD Graphics 530
[2021.11.03-06.26.27:493][  0]LogD3D11RHI:   Driver Version: 27.20.100.9416 (internal:27.20.100.9416, unified:27.20.100.9416)
[2021.11.03-06.26.27:493][  0]LogD3D11RHI:      Driver Date: 3-24-2021
[2021.11.03-06.26.27:493][  0]LogRHI: Texture pool is 1502 MB (70% of 2146 MB)
[2021.11.03-06.26.28:127][  0]LogD3D11RHI: RHI does not have support for 64 bit atomics
[2021.11.03-06.26.28:240][  0]LogD3D11RHI: Intel Extensions support version Full=16777216, Major=1, Minor=0, Revision=0
[2021.11.03-06.26.28:240][  0]LogD3D11RHI: Intel Extensions support version Full=16777217, Major=1, Minor=0, Revision=1
[2021.11.03-06.26.28:241][  0]LogD3D11RHI: Intel Extensions Framework enabled
[2021.11.03-06.26.28:301][  0]LogD3D11RHI: [IntelMetricsDiscovery] Started
[2021.11.03-06.26.28:301][  0]LogD3D11RHI: Async texture creation enabled
[2021.11.03-06.26.28:301][  0]LogD3D11RHI: Array index from any shader is supported
[2021.11.03-06.26.28:315][  0]LogD3D11RHI: GPU Timing Frequency: 12.000048 (Debug: 2 0)
[2021.11.03-06.26.28:315][  0]LogRendererCore: Ray tracing is disabled. Reason: r.RayTracing=0.
[2021.11.03-06.26.28:320][  0]LogShaderLibrary: Display: Using ../../../FPS/Content/ShaderArchive-Global-PCD3D_SM5.ushaderbytecode for material shader code. Total 1951 unique shaders.
[2021.11.03-06.26.28:321][  0]LogShaderLibrary: Display: Cooked Context: Using Shared Shader Library Global
[2021.11.03-06.26.28:321][  0]LogShaderLibrary: Display: Logical shader library 'Global' has been created, components 1
[2021.11.03-06.26.28:321][  0]LogTemp: Warning: Clearing the OS Cache
[2021.11.03-06.26.28:321][  0]LogODSC: ODSC Thread active.
[2021.11.03-06.26.28:325][  0]LogPakFile: New pak file ../../../FPS/Content/Paks/FPS-WindowsNoEditor.pak added to pak precacher.
[2021.11.03-06.26.28:357][  0]LogSlate: Using FreeType 2.10.0
[2021.11.03-06.26.28:357][  0]LogSlate: SlateFontServices - WITH_FREETYPE: 1, WITH_HARFBUZZ: 1
[2021.11.03-06.26.28:513][  0]LogShaderLibrary: Display: Using ../../../FPS/Content/ShaderArchive-FPS-PCD3D_SM5.ushaderbytecode for material shader code. Total 1492 unique shaders.
[2021.11.03-06.26.28:513][  0]LogShaderLibrary: Display: Cooked Context: Using Shared Shader Library FPS
[2021.11.03-06.26.28:513][  0]LogShaderLibrary: Display: Logical shader library 'FPS' has been created, components 1
[2021.11.03-06.26.28:513][  0]LogRHI: Display: Opened pipeline cache after state change and enqueued 0 of 0 tasks for precompile.
[2021.11.03-06.26.28:514][  0]LogShaderLibrary: Display: Using ../../../FPS/Content/ShaderArchive-FPS-PCD3D_SM5.ushaderbytecode for material shader code. Total 1492 unique shaders.
[2021.11.03-06.26.28:514][  0]LogShaderLibrary: Display: Cooked Context: Using Shared Shader Library FPS
[2021.11.03-06.26.28:514][  0]LogRHI: Display: Opened pipeline cache after state change and enqueued 0 of 0 tasks for precompile.
[2021.11.03-06.26.28:514][  0]LogRHI: Display: Failed to open default shader pipeline cache for FPS using shader platform 0.
[2021.11.03-06.26.28:514][  0]LogInit: Using OS detected language (en-US).
[2021.11.03-06.26.28:514][  0]LogInit: Using OS detected locale (en-US).
[2021.11.03-06.26.28:514][  0]LogTextLocalizationManager: No localization for 'en-US' exists, so 'en' will be used for the language.
[2021.11.03-06.26.28:514][  0]LogTextLocalizationManager: No localization for 'en-US' exists, so 'en' will be used for the locale.
[2021.11.03-06.26.28:514][  0]LogSlate: FontCache flush requested. Reason: Culture for localization was changed
[2021.11.03-06.26.28:514][  0]LogSlate: FontCache flush requested. Reason: Culture for localization was changed
[2021.11.03-06.26.28:516][  0]LogAssetRegistry: FAssetRegistry took 0.0013 seconds to start up
[2021.11.03-06.26.28:620][  0]LogTextLocalizationManager: Compacting localization data took   4.78ms
[2021.11.03-06.26.28:620][  0]LogStreaming: Display: FlushAsyncLoading: 1 QueuedPackages, 0 AsyncPackages
[2021.11.03-06.26.28:621][  0]LogPackageLocalizationCache: Processed 26 localized package path(s) for 1 prioritized culture(s) in 0.000097 seconds
[2021.11.03-06.26.28:630][  0]LogSerialization: Display: AllowBulkDataInIoStore: 'true'
[2021.11.03-06.26.28:630][  0]LogInit: Selected Device Profile: [WindowsNoEditor]
[2021.11.03-06.26.28:630][  0]LogInit: Active device profile: [0000022079302740][000002206A410010 49] WindowsNoEditor
[2021.11.03-06.26.28:631][  0]LogInit: Profiles: [0000022079302A40][0000022078AEB6E0 49] Windows, [0000022079302740][000002206A410010 49] WindowsNoEditor, 
[2021.11.03-06.26.28:656][  0]LogNetVersion: FPS 1.0.0, NetCL: 17155196, EngineNetVer: 17, GameNetVer: 0 (Checksum: 624169647)
[2021.11.03-06.26.28:711][  0]LogAudioCaptureCore: Display: No Audio Capture implementations found. Audio input will be silent.
[2021.11.03-06.26.28:711][  0]LogAudioCaptureCore: Display: No Audio Capture implementations found. Audio input will be silent.
[2021.11.03-06.26.28:712][  0]LogHMD: PokeAHoleMaterial loaded successfully
[2021.11.03-06.26.28:893][  0]LogMoviePlayer: Initializing movie player
[2021.11.03-06.26.28:893][  0]LogNiagaraDebuggerClient: Niagara Debugger Client Initialized | Session: 0DDB5E6940F7FFAE9FC1D8B065D68916 | Instance: 3A302CD4465F532ED94FC28C9D181093 (WINDOWS-VG96A5K-15376).
[2021.11.03-06.26.28:895][  0]LogAndroidPermission: UAndroidPermissionCallbackProxy::GetInstance
[2021.11.03-06.26.28:895][  0]LogOcInput: OculusInput pre-init called
[2021.11.03-06.26.28:900][  0]LogUObjectArray: 15771 objects as part of root set at end of initial load.
[2021.11.03-06.26.28:900][  0]LogUObjectArray: 2 objects are not in the root set, but can never be destroyed because they are in the DisregardForGC set.
[2021.11.03-06.26.28:900][  0]LogUObjectAllocator: 3198280 out of 0 bytes used by permanent object pool.
[2021.11.03-06.26.28:900][  0]LogUObjectArray: CloseDisregardForGC: 15771/15771 objects in disregard for GC pool
[2021.11.03-06.26.28:901][  0]LogEngine: Initializing Engine...
[2021.11.03-06.26.29:091][  0]LogHMD: Failed to enumerate extensions. Please check that you have a valid OpenXR runtime installed.
[2021.11.03-06.26.29:092][  0]LogHMD: Failed to initialize OpenVR with code 110
[2021.11.03-06.26.29:093][  0]LogStats: UGameplayTagsManager::InitializeManager -  0.000 s
[2021.11.03-06.26.29:177][  0]LogInit: Initializing FReadOnlyCVARCache
[2021.11.03-06.26.29:178][  0]LogAudio: Display: Initializing Audio Device Manager...
[2021.11.03-06.26.29:178][  0]LogAudio: Display: Loading Default Audio Settings Objects...
[2021.11.03-06.26.29:178][  0]LogAudio: Display: No default SoundConcurrencyObject specified (or failed to load).
[2021.11.03-06.26.29:179][  0]LogAudio: Display: Audio Device Manager Initialized
[2021.11.03-06.26.29:179][  0]LogAudio: Display: Creating Audio Device:                 Id: 1, Scope: Shared, Realtime: True
[2021.11.03-06.26.29:179][  0]LogAudioMixer: Display: Audio Mixer Platform Settings:
[2021.11.03-06.26.29:179][  0]LogAudioMixer: Display: 	Sample Rate:						  48000
[2021.11.03-06.26.29:179][  0]LogAudioMixer: Display: 	Callback Buffer Frame Size Requested: 1024
[2021.11.03-06.26.29:179][  0]LogAudioMixer: Display: 	Callback Buffer Frame Size To Use:	  1024
[2021.11.03-06.26.29:179][  0]LogAudioMixer: Display: 	Number of buffers to queue:			  2
[2021.11.03-06.26.29:179][  0]LogAudioMixer: Display: 	Max Channels (voices):				  32
[2021.11.03-06.26.29:179][  0]LogAudioMixer: Display: 	Number of Async Source Workers:		  0
[2021.11.03-06.26.29:179][  0]LogAudio: Display: AudioDevice MaxSources: 32
[2021.11.03-06.26.29:179][  0]LogAudio: Display: Audio Spatialization Plugin: None (built-in).
[2021.11.03-06.26.29:180][  0]LogAudio: Display: Audio Reverb Plugin: None (built-in).
[2021.11.03-06.26.29:180][  0]LogAudio: Display: Audio Occlusion Plugin: None (built-in).
[2021.11.03-06.26.29:180][  0]LogAudioMixer: Display: Initializing audio mixer.
[2021.11.03-06.26.29:578][  0]LogAudioDebug: Display: Lib vorbis DLL was dynamically loaded.
[2021.11.03-06.26.29:600][  0]LogAudioMixer: Display: 0: FrontLeft
[2021.11.03-06.26.29:600][  0]LogAudioMixer: Display: 1: FrontRight
[2021.11.03-06.26.29:758][  0]LogAudioMixer: Display: Using Audio Device Speakers (Conexant HD Audio)
[2021.11.03-06.26.29:759][  0]LogAudioMixer: Display: Initializing Sound Submixes...
[2021.11.03-06.26.29:760][  0]LogAudioMixer: Display: Creating Master Submix 'MasterSubmixDefault'
[2021.11.03-06.26.29:760][  0]LogAudioMixer: Display: Creating Master Submix 'MasterReverbSubmixDefault'
[2021.11.03-06.26.29:762][  0]LogAudioMixer: Display: Creating Master Submix 'MasterEQSubmixDefault'
[2021.11.03-06.26.29:762][  0]LogAudioMixer: FMixerPlatformXAudio2::StartAudioStream() called
[2021.11.03-06.26.29:762][  0]LogAudioMixer: Display: Output buffers initialized: Frames=1024, Channels=2, Samples=2048
[2021.11.03-06.26.29:763][  0]LogAudioMixer: Display: Starting AudioMixerPlatformInterface::RunInternal()
[2021.11.03-06.26.29:763][  0]LogAudioMixer: Display: FMixerPlatformXAudio2::SubmitBuffer() called for the first time
[2021.11.03-06.26.29:763][  0]LogInit: FAudioDevice initialized.
[2021.11.03-06.26.29:765][  0]LogNetVersion: Set ProjectVersion to 1.0.0.0. Version Checksum will be recalculated on next use.
[2021.11.03-06.26.29:765][  0]LogInit: Texture streaming: Enabled
[2021.11.03-06.26.29:774][  0]LogAudio: Display: Audio Device (ID: 1) registered with world 'Untitled'.
[2021.11.03-06.26.29:775][  0]LogSlate: Updating window title bar state: overlay mode, drag disabled, window buttons hidden, title bar hidden
[2021.11.03-06.26.29:775][  0]LogInit: Display: Game Engine Initialized.
[2021.11.03-06.26.29:776][  0]LogInit: Display: Starting Game.
[2021.11.03-06.26.29:776][  0]LogNet: Browse: /Game/TitleScreen?Name=Player
[2021.11.03-06.26.29:776][  0]LogLoad: LoadMap: /Game/TitleScreen?Name=Player
[2021.11.03-06.26.29:776][  0]LogWorld: BeginTearingDown for /Temp/Untitled_0
[2021.11.03-06.26.29:779][  0]LogWorld: UWorld::CleanupWorld for Untitled, bSessionEnded=true, bCleanupResources=true
[2021.11.03-06.26.29:779][  0]LogSlate: InvalidateAllWidgets triggered.  All widgets were invalidated
[2021.11.03-06.26.29:782][  0]LogAudio: Display: Audio Device unregistered from world 'None'.
[2021.11.03-06.26.29:785][  0]LogUObjectHash: Compacting FUObjectHashTables data took   0.77ms
[2021.11.03-06.26.29:793][  0]LogAudio: Display: Audio Device (ID: 1) registered with world 'TitleScreen'.
[2021.11.03-06.26.29:795][  0]LogAIModule: Creating AISystem for world TitleScreen
[2021.11.03-06.26.29:801][  0]LogLoad: Game class is 'BPGameMode_C'
[2021.11.03-06.26.29:803][  0]LogWorld: Bringing World /Game/TitleScreen.TitleScreen up for play (max tick rate 0) at 2021.11.03-01.26.29
[2021.11.03-06.26.29:803][  0]LogWorld: Bringing up level for play took: 0.000502
[2021.11.03-06.26.29:804][  0]LogGameMode: FindPlayerStart: PATHS NOT DEFINED or NO PLAYERSTART with positive rating
[2021.11.03-06.26.29:808][  0]LogLoad: Took 0.031404 seconds to LoadMap(/Game/TitleScreen)
[2021.11.03-06.26.29:808][  0]LogSlate: Took 0.000349 seconds to synchronously load lazily loaded font '../../../Engine/Content/EngineFonts/Faces/RobotoBold.ufont' (160K)
[2021.11.03-06.26.29:838][  0]LogSlate: Took 0.000474 seconds to synchronously load lazily loaded font '../../../Engine/Content/Slate/Fonts/Roboto-Regular.ttf' (155K)
[2021.11.03-06.26.29:852][  0]LogRHI: Display: ShaderPipelineCache: Paused Batching. 1
[2021.11.03-06.26.29:852][  0]LogPakFile: AllPaks IndexSizes: DirectoryHashSize=202256, PathHashSize=16, EntriesSize=32752, TotalSize=235024
[2021.11.03-06.26.29:852][  0]LogRHI: Display: ShaderPipelineCache: Resumed Batching. 0
[2021.11.03-06.26.29:852][  0]LogRHI: Display: ShaderPipelineCache: Batching Resumed.
[2021.11.03-06.26.29:852][  0]LogInit: Display: Engine is initialized. Leaving FEngineLoop::Init()
[2021.11.03-06.26.29:853][  0]LogLoad: (Engine Initialization) Total time: 5.83 seconds
[2021.11.03-06.26.30:311][  0]LogRenderer: Reallocating scene render targets to support 1920x1080 Format 10 NumSamples 1 (Frame:1).
[2021.11.03-06.26.33:687][  0]LogContentStreaming: Texture pool size now 1000 MB
[2021.11.03-06.26.33:689][  0]LogSlate: InvalidateAllWidgets triggered.  All widgets were invalidated
[2021.11.03-06.26.34:022][  0]LogSlate: Slate font cache was flushed
[2021.11.03-06.26.34:027][  1]LogSlate: Took 0.000411 seconds to synchronously load lazily loaded font '../../../Engine/Content/Slate/Fonts/Roboto-Regular.ttf' (155K)
[2021.11.03-06.26.34:028][  1]LogSlate: Took 0.000408 seconds to synchronously load lazily loaded font '../../../Engine/Content/EngineFonts/Faces/RobotoBold.ufont' (160K)
[2021.11.03-06.26.52:152][327]LogNet: Browse: /Game/Level1
[2021.11.03-06.26.52:152][327]LogLoad: LoadMap: /Game/Level1
[2021.11.03-06.26.52:152][327]LogWorld: BeginTearingDown for /Game/TitleScreen
[2021.11.03-06.26.52:152][327]LogWorld: UWorld::CleanupWorld for TitleScreen, bSessionEnded=true, bCleanupResources=true
[2021.11.03-06.26.52:152][327]LogSlate: InvalidateAllWidgets triggered.  All widgets were invalidated
[2021.11.03-06.26.52:193][327]LogAudio: Display: Audio Device unregistered from world 'None'.
[2021.11.03-06.26.52:249][327]LogUObjectHash: Compacting FUObjectHashTables data took   1.09ms
[2021.11.03-06.26.52:290][327]LogStreaming: Display: FlushAsyncLoading: 1 QueuedPackages, 0 AsyncPackages
[2021.11.03-06.26.52:371][327]LogStreaming: Error: Couldn't find file for package /Game/MovingObjectsSequence requested by async loading code. NameToLoad: /Game/MovingObjectsSequence
[2021.11.03-06.26.52:371][327]LogStreaming: Error: Found 0 dependent packages...
[2021.11.03-06.26.52:398][327]LogAudio: Display: Audio Device (ID: 1) registered with world 'Level1'.
[2021.11.03-06.26.52:399][327]LogAIModule: Creating AISystem for world Level1
[2021.11.03-06.26.52:403][327]LogLoad: Game class is 'BPGameMode_C'
[2021.11.03-06.26.52:404][327]LogWorld: Bringing World /Game/Level1.Level1 up for play (max tick rate 0) at 2021.11.03-01.26.52
[2021.11.03-06.26.52:405][327]LogWorld: Bringing up level for play took: 0.000862
[2021.11.03-06.26.52:407][327]LogLoad: Took 0.255220 seconds to LoadMap(/Game/Level1)
[2021.11.03-06.26.55:358][358]LogScript: Warning: Attempted to access BPPlayer_C_2147482478 via property Player, but BPPlayer_C_2147482478 is pending kill
	HUD_C /Engine/Transient.GameEngine_2147482617:BPGameInstance_C_2147482601.HUD_C_2147482475
	Function /Game/HUD.HUD_C:Get_AmmoText_Text_0:0025
[2021.11.03-06.26.55:359][358]LogScript: Warning: Script call stack:
	Function /Game/HUD.HUD_C:Get_AmmoText_Text_0

[2021.11.03-06.26.55:428][359]LogNet: Browse: /Game/Level2
[2021.11.03-06.26.55:428][359]LogLoad: LoadMap: /Game/Level2
[2021.11.03-06.26.55:428][359]LogWorld: BeginTearingDown for /Game/Level1
[2021.11.03-06.26.55:430][359]LogWorld: UWorld::CleanupWorld for Level1, bSessionEnded=true, bCleanupResources=true
[2021.11.03-06.26.55:430][359]LogSlate: InvalidateAllWidgets triggered.  All widgets were invalidated
[2021.11.03-06.26.55:468][359]LogAudio: Display: Waited 38.380898 ms for audio thread.
[2021.11.03-06.26.55:472][359]LogAudio: Display: Audio Device unregistered from world 'None'.
[2021.11.03-06.26.55:564][359]LogUObjectHash: Compacting FUObjectHashTables data took   1.09ms
[2021.11.03-06.26.55:628][359]LogStreaming: Display: FlushAsyncLoading: 1 QueuedPackages, 0 AsyncPackages
[2021.11.03-06.26.55:658][359]LogAudio: Display: Audio Device (ID: 1) registered with world 'Level2'.
[2021.11.03-06.26.55:659][359]LogAIModule: Creating AISystem for world Level2
[2021.11.03-06.26.55:662][359]LogLoad: Game class is 'BPGameMode_C'
[2021.11.03-06.26.55:663][359]LogWorld: Bringing World /Game/Level2.Level2 up for play (max tick rate 0) at 2021.11.03-01.26.55
[2021.11.03-06.26.55:663][359]LogWorld: Bringing up level for play took: 0.000620
[2021.11.03-06.26.55:668][359]LogLoad: Took 0.239624 seconds to LoadMap(/Game/Level2)
[2021.11.03-06.26.57:548][382]LogScript: Warning: Accessed None trying to read property CallFunc_GetComponentByClass_ReturnValue
	BPPlayer_C /Game/Level2.Level2:PersistentLevel.BPPlayer_C_2147482425
	Function /Game/BPPlayer.BPPlayer_C:ExecuteUbergraph_BPPlayer:0548
[2021.11.03-06.26.57:548][382]LogScript: Warning: Script call stack:
	Function /Game/BPPlayer.BPPlayer_C:ReceiveHit
	Function /Game/BPPlayer.BPPlayer_C:ExecuteUbergraph_BPPlayer

[2021.11.03-06.26.57:581][382]LogPackageName: SearchForPackageOnDisk took   0.032s, but failed to resolve None.umap.
[2021.11.03-06.26.57:583][382]LogScript: Warning: Attempted to access BPPlayer_C_2147482425 via property Player, but BPPlayer_C_2147482425 is pending kill
	HUD_C /Engine/Transient.GameEngine_2147482617:BPGameInstance_C_2147482601.HUD_C_2147482422
	Function /Game/HUD.HUD_C:Get_AmmoText_Text_0:0025
[2021.11.03-06.26.57:583][382]LogScript: Warning: Script call stack:
	Function /Game/HUD.HUD_C:Get_AmmoText_Text_0

[2021.11.03-06.26.57:657][383]LogPackageName: SearchForPackageOnDisk took   0.033s, but failed to resolve None.umap.
[2021.11.03-06.26.57:657][383]LogNet: Browse: /Game/TitleScreen
[2021.11.03-06.26.57:657][383]LogNet: Warning: Travel Failure: [InvalidURL]: Invalid URL: /Game/TitleScreen
[2021.11.03-06.26.57:657][383]LogNet: TravelFailure: InvalidURL, Reason for Failure: 'Invalid URL: /Game/TitleScreen'
[2021.11.03-06.26.57:657][383]LogNet: Warning: Travel Failure: [ClientTravelFailure]: Invalid URL: /Game/TitleScreen
[2021.11.03-06.26.57:658][383]LogNet: TravelFailure: ClientTravelFailure, Reason for Failure: 'Invalid URL: /Game/TitleScreen'
[2021.11.03-06.26.57:659][383]LogScript: Warning: Attempted to access BPPlayer_C_2147482425 via property Player, but BPPlayer_C_2147482425 is pending kill
	HUD_C /Engine/Transient.GameEngine_2147482617:BPGameInstance_C_2147482601.HUD_C_2147482422
	Function /Game/HUD.HUD_C:Get_AmmoText_Text_0:0025
[2021.11.03-06.26.57:660][383]LogScript: Warning: Script call stack:
	Function /Game/HUD.HUD_C:Get_AmmoText_Text_0

[2021.11.03-06.26.57:700][384]LogNet: Browse: /Game/TitleScreen?closed
[2021.11.03-06.26.57:702][384]LogNet: Connection failed; returning to Entry
[2021.11.03-06.26.57:702][384]LogLoad: LoadMap: /Game/TitleScreen?closed
[2021.11.03-06.26.57:702][384]LogWorld: BeginTearingDown for /Game/Level2
[2021.11.03-06.26.57:703][384]LogWorld: UWorld::CleanupWorld for Level2, bSessionEnded=true, bCleanupResources=true
[2021.11.03-06.26.57:703][384]LogSlate: InvalidateAllWidgets triggered.  All widgets were invalidated
[2021.11.03-06.26.57:731][384]LogAudio: Display: Audio Device unregistered from world 'None'.
[2021.11.03-06.26.57:839][384]LogUObjectHash: Compacting FUObjectHashTables data took   1.55ms
[2021.11.03-06.26.57:904][384]LogStreaming: Display: FlushAsyncLoading: 1 QueuedPackages, 0 AsyncPackages
[2021.11.03-06.26.57:910][384]LogAudio: Display: Audio Device (ID: 1) registered with world 'TitleScreen'.
[2021.11.03-06.26.57:912][384]LogAIModule: Creating AISystem for world TitleScreen
[2021.11.03-06.26.57:921][384]LogLoad: Game class is 'BPGameMode_C'
[2021.11.03-06.26.57:922][384]LogWorld: Bringing World /Game/TitleScreen.TitleScreen up for play (max tick rate 0) at 2021.11.03-01.26.57
[2021.11.03-06.26.57:923][384]LogWorld: Bringing up level for play took: 0.000371
[2021.11.03-06.26.57:923][384]LogGameMode: FindPlayerStart: PATHS NOT DEFINED or NO PLAYERSTART with positive rating
[2021.11.03-06.26.57:924][384]LogLoad: Took 0.223520 seconds to LoadMap(/Game/TitleScreen)
[2021.11.03-06.26.58:011][384]LogUObjectHash: Compacting FUObjectHashTables data took   0.84ms
[2021.11.03-06.27.11:398][618]LogNet: Browse: /Game/Level1
[2021.11.03-06.27.11:398][618]LogLoad: LoadMap: /Game/Level1
[2021.11.03-06.27.11:398][618]LogWorld: BeginTearingDown for /Game/TitleScreen
[2021.11.03-06.27.11:399][618]LogWorld: UWorld::CleanupWorld for TitleScreen, bSessionEnded=true, bCleanupResources=true
[2021.11.03-06.27.11:399][618]LogSlate: InvalidateAllWidgets triggered.  All widgets were invalidated
[2021.11.03-06.27.11:432][618]LogAudio: Display: Audio Device unregistered from world 'None'.
[2021.11.03-06.27.11:485][618]LogUObjectHash: Compacting FUObjectHashTables data took   0.66ms
[2021.11.03-06.27.11:528][618]LogStreaming: Display: FlushAsyncLoading: 1 QueuedPackages, 0 AsyncPackages
[2021.11.03-06.27.11:550][618]LogAudio: Display: Audio Device (ID: 1) registered with world 'Level1'.
[2021.11.03-06.27.11:551][618]LogAIModule: Creating AISystem for world Level1
[2021.11.03-06.27.11:556][618]LogLoad: Game class is 'BPGameMode_C'
[2021.11.03-06.27.11:558][618]LogWorld: Bringing World /Game/Level1.Level1 up for play (max tick rate 0) at 2021.11.03-01.27.11
[2021.11.03-06.27.11:558][618]LogWorld: Bringing up level for play took: 0.000798
[2021.11.03-06.27.11:560][618]LogLoad: Took 0.162539 seconds to LoadMap(/Game/Level1)
[2021.11.03-06.27.13:614][645]LogScript: Warning: Attempted to access BPPlayer_C_2147482322 via property Player, but BPPlayer_C_2147482322 is pending kill
	HUD_C /Engine/Transient.GameEngine_2147482617:BPGameInstance_C_2147482601.HUD_C_2147482319
	Function /Game/HUD.HUD_C:Get_AmmoText_Text_0:0025
[2021.11.03-06.27.13:615][645]LogScript: Warning: Script call stack:
	Function /Game/HUD.HUD_C:Get_AmmoText_Text_0

[2021.11.03-06.27.13:695][646]LogNet: Browse: /Game/Level2
[2021.11.03-06.27.13:695][646]LogLoad: LoadMap: /Game/Level2
[2021.11.03-06.27.13:696][646]LogWorld: BeginTearingDown for /Game/Level1
[2021.11.03-06.27.13:697][646]LogWorld: UWorld::CleanupWorld for Level1, bSessionEnded=true, bCleanupResources=true
[2021.11.03-06.27.13:697][646]LogSlate: InvalidateAllWidgets triggered.  All widgets were invalidated
[2021.11.03-06.27.13:732][646]LogAudio: Display: Audio Device unregistered from world 'None'.
[2021.11.03-06.27.13:793][646]LogUObjectHash: Compacting FUObjectHashTables data took   0.86ms
[2021.11.03-06.27.13:942][646]LogStreaming: Display: FlushAsyncLoading: 1 QueuedPackages, 0 AsyncPackages
[2021.11.03-06.27.13:949][646]LogAudio: Display: Audio Device (ID: 1) registered with world 'Level2'.
[2021.11.03-06.27.13:951][646]LogAIModule: Creating AISystem for world Level2
[2021.11.03-06.27.13:954][646]LogLoad: Game class is 'BPGameMode_C'
[2021.11.03-06.27.13:955][646]LogWorld: Bringing World /Game/Level2.Level2 up for play (max tick rate 0) at 2021.11.03-01.27.13
[2021.11.03-06.27.13:955][646]LogWorld: Bringing up level for play took: 0.000514
[2021.11.03-06.27.13:958][646]LogLoad: Took 0.263061 seconds to LoadMap(/Game/Level2)
[2021.11.03-06.27.26:912][808]LogScript: Warning: Attempted to access BPPlayer_C_2147482272 via property Player, but BPPlayer_C_2147482272 is pending kill
	HUD_C /Engine/Transient.GameEngine_2147482617:BPGameInstance_C_2147482601.HUD_C_2147482269
	Function /Game/HUD.HUD_C:Get_AmmoText_Text_0:0025
[2021.11.03-06.27.26:912][808]LogScript: Warning: Script call stack:
	Function /Game/HUD.HUD_C:Get_AmmoText_Text_0

[2021.11.03-06.27.26:984][809]LogNet: Browse: /Game/VicScreen
[2021.11.03-06.27.26:984][809]LogLoad: LoadMap: /Game/VicScreen
[2021.11.03-06.27.26:984][809]LogWorld: BeginTearingDown for /Game/Level2
[2021.11.03-06.27.26:986][809]LogWorld: UWorld::CleanupWorld for Level2, bSessionEnded=true, bCleanupResources=true
[2021.11.03-06.27.26:987][809]LogSlate: InvalidateAllWidgets triggered.  All widgets were invalidated
[2021.11.03-06.27.27:022][809]LogAudio: Display: Audio Device unregistered from world 'None'.
[2021.11.03-06.27.27:122][809]LogUObjectHash: Compacting FUObjectHashTables data took   1.05ms
[2021.11.03-06.27.27:186][809]LogStreaming: Display: FlushAsyncLoading: 1 QueuedPackages, 0 AsyncPackages
[2021.11.03-06.27.27:207][809]LogAudio: Display: Audio Device (ID: 1) registered with world 'VicScreen'.
[2021.11.03-06.27.27:209][809]LogAIModule: Creating AISystem for world VicScreen
[2021.11.03-06.27.27:214][809]LogLoad: Game class is 'BPGameMode_C'
[2021.11.03-06.27.27:215][809]LogWorld: Bringing World /Game/VicScreen.VicScreen up for play (max tick rate 0) at 2021.11.03-01.27.27
[2021.11.03-06.27.27:215][809]LogWorld: Bringing up level for play took: 0.000198
[2021.11.03-06.27.27:215][809]LogGameMode: FindPlayerStart: PATHS NOT DEFINED or NO PLAYERSTART with positive rating
[2021.11.03-06.27.27:217][809]LogLoad: Took 0.232564 seconds to LoadMap(/Game/VicScreen)
[2021.11.03-06.27.29:868][859]LogNet: Browse: /Game/TitleScreen
[2021.11.03-06.27.29:868][859]LogLoad: LoadMap: /Game/TitleScreen
[2021.11.03-06.27.29:868][859]LogWorld: BeginTearingDown for /Game/VicScreen
[2021.11.03-06.27.29:869][859]LogWorld: UWorld::CleanupWorld for VicScreen, bSessionEnded=true, bCleanupResources=true
[2021.11.03-06.27.29:870][859]LogSlate: InvalidateAllWidgets triggered.  All widgets were invalidated
[2021.11.03-06.27.29:901][859]LogAudio: Display: Audio Device unregistered from world 'None'.
[2021.11.03-06.27.29:952][859]LogUObjectHash: Compacting FUObjectHashTables data took   0.68ms
[2021.11.03-06.27.29:999][859]LogStreaming: Display: FlushAsyncLoading: 1 QueuedPackages, 0 AsyncPackages
[2021.11.03-06.27.30:006][859]LogAudio: Display: Audio Device (ID: 1) registered with world 'TitleScreen'.
[2021.11.03-06.27.30:008][859]LogAIModule: Creating AISystem for world TitleScreen
[2021.11.03-06.27.30:017][859]LogLoad: Game class is 'BPGameMode_C'
[2021.11.03-06.27.30:018][859]LogWorld: Bringing World /Game/TitleScreen.TitleScreen up for play (max tick rate 0) at 2021.11.03-01.27.30
[2021.11.03-06.27.30:018][859]LogWorld: Bringing up level for play took: 0.000486
[2021.11.03-06.27.30:019][859]LogGameMode: FindPlayerStart: PATHS NOT DEFINED or NO PLAYERSTART with positive rating
[2021.11.03-06.27.30:021][859]LogLoad: Took 0.153152 seconds to LoadMap(/Game/TitleScreen)
[2021.11.03-06.27.32:312][902]LogNet: Browse: /Game/Restart
[2021.11.03-06.27.32:312][902]LogLoad: LoadMap: /Game/Restart
[2021.11.03-06.27.32:312][902]LogWorld: BeginTearingDown for /Game/TitleScreen
[2021.11.03-06.27.32:313][902]LogWorld: UWorld::CleanupWorld for TitleScreen, bSessionEnded=true, bCleanupResources=true
[2021.11.03-06.27.32:313][902]LogSlate: InvalidateAllWidgets triggered.  All widgets were invalidated
[2021.11.03-06.27.32:357][902]LogAudio: Display: Waited 43.781601 ms for audio thread.
[2021.11.03-06.27.32:361][902]LogAudio: Display: Audio Device unregistered from world 'None'.
[2021.11.03-06.27.32:402][902]LogUObjectHash: Compacting FUObjectHashTables data took   0.91ms
[2021.11.03-06.27.32:451][902]LogStreaming: Display: FlushAsyncLoading: 1 QueuedPackages, 0 AsyncPackages
[2021.11.03-06.27.32:457][902]LogAudio: Display: Audio Device (ID: 1) registered with world 'Restart'.
[2021.11.03-06.27.32:458][902]LogAIModule: Creating AISystem for world Restart
[2021.11.03-06.27.32:465][902]LogLoad: Game class is 'BPGameMode_C'
[2021.11.03-06.27.32:468][902]LogWorld: Bringing World /Game/Restart.Restart up for play (max tick rate 0) at 2021.11.03-01.27.32
[2021.11.03-06.27.32:468][902]LogWorld: Bringing up level for play took: 0.000676
[2021.11.03-06.27.32:469][902]LogGameMode: FindPlayerStart: PATHS NOT DEFINED or NO PLAYERSTART with positive rating
[2021.11.03-06.27.32:471][902]LogLoad: Took 0.157638 seconds to LoadMap(/Game/Restart)
[2021.11.03-06.27.34:002][931]LogNet: Browse: /Game/TitleScreen
[2021.11.03-06.27.34:002][931]LogLoad: LoadMap: /Game/TitleScreen
[2021.11.03-06.27.34:002][931]LogWorld: BeginTearingDown for /Game/Restart
[2021.11.03-06.27.34:002][931]LogWorld: UWorld::CleanupWorld for Restart, bSessionEnded=true, bCleanupResources=true
[2021.11.03-06.27.34:002][931]LogSlate: InvalidateAllWidgets triggered.  All widgets were invalidated
[2021.11.03-06.27.34:040][931]LogAudio: Display: Audio Device unregistered from world 'None'.
[2021.11.03-06.27.34:091][931]LogUObjectHash: Compacting FUObjectHashTables data took   0.56ms
[2021.11.03-06.27.34:136][931]LogStreaming: Display: FlushAsyncLoading: 1 QueuedPackages, 0 AsyncPackages
[2021.11.03-06.27.34:142][931]LogAudio: Display: Audio Device (ID: 1) registered with world 'TitleScreen'.
[2021.11.03-06.27.34:143][931]LogAIModule: Creating AISystem for world TitleScreen
[2021.11.03-06.27.34:151][931]LogLoad: Game class is 'BPGameMode_C'
[2021.11.03-06.27.34:153][931]LogWorld: Bringing World /Game/TitleScreen.TitleScreen up for play (max tick rate 0) at 2021.11.03-01.27.34
[2021.11.03-06.27.34:153][931]LogWorld: Bringing up level for play took: 0.000598
[2021.11.03-06.27.34:153][931]LogGameMode: FindPlayerStart: PATHS NOT DEFINED or NO PLAYERSTART with positive rating
[2021.11.03-06.27.34:155][931]LogLoad: Took 0.153166 seconds to LoadMap(/Game/TitleScreen)
[2021.11.03-06.27.34:860][944]LogTaskGraph: Warning: Task graph took  28.39ms for RT to recieve broadcast.
[2021.11.03-06.27.34:860][944]LogTaskGraph: Warning: Task graph took  28.47ms for RT to recieve broadcast and do processing.
[2021.11.03-06.27.34:860][944]LogTaskGraph: Warning: Task graph took  28.34ms to wait for named thread broadcast.
[2021.11.03-06.27.34:860][944]LogTaskGraph: Warning: Task graph took  28.69ms to broadcast.
[2021.11.03-06.27.48:785][191]LogSlate: Request Window 'FPS (64-bit Development PCD3D_SM5) ' being destroyed
[2021.11.03-06.27.48:971][191]LogSlate: Window 'FPS (64-bit Development PCD3D_SM5) ' being destroyed
[2021.11.03-06.27.48:972][191]LogWindowsTextInputMethodSystem: Display: IME system deactivated.
[2021.11.03-06.27.48:993][192]LogSlate: Updating window title bar state: overlay mode, drag disabled, window buttons hidden, title bar hidden
[2021.11.03-06.27.48:993][192]LogEngine: All Windows Closed
[2021.11.03-06.27.48:993][192]LogWindows: FPlatformMisc::RequestExit(0)
[2021.11.03-06.27.48:993][192]LogWindows: FPlatformMisc::RequestExitWithStatus(0, 0)
[2021.11.03-06.27.48:993][192]LogCore: Engine exit requested (reason: Win RequestExit)
[2021.11.03-06.27.48:993][193]LogCore: Engine exit requested (reason: EngineExit() was called; note: exit was already requested)
[2021.11.03-06.27.48:994][193]LogInit: Display: PreExit Game.
[2021.11.03-06.27.49:029][193]LogWorld: BeginTearingDown for /Game/TitleScreen
[2021.11.03-06.27.49:029][193]LogWorld: UWorld::CleanupWorld for TitleScreen, bSessionEnded=true, bCleanupResources=true
[2021.11.03-06.27.49:030][193]LogSlate: InvalidateAllWidgets triggered.  All widgets were invalidated
[2021.11.03-06.27.49:147][193]LogAudio: Display: Beginning Audio Device Manager Shutdown (Module: AudioMixerXAudio2)...
[2021.11.03-06.27.49:147][193]LogAudio: Display: Destroying 1 Remaining Audio Device(s)...
[2021.11.03-06.27.49:147][193]LogAudio: Display: Audio Device unregistered from world 'TitleScreen'.
[2021.11.03-06.27.49:147][193]LogAudioMixer: FMixerPlatformXAudio2::StopAudioStream() called
[2021.11.03-06.27.49:148][193]LogAudioMixer: FMixerPlatformXAudio2::StopAudioStream() called
[2021.11.03-06.27.49:235][193]LogAudio: Display: Audio Device Manager Shutdown
[2021.11.03-06.27.49:239][193]LogExit: Preparing to exit.
[2021.11.03-06.27.49:239][193]LogMoviePlayer: Shutting down movie player
[2021.11.03-06.27.49:243][193]LogSlate: Updating window title bar state: overlay mode, drag disabled, window buttons hidden, title bar hidden
[2021.11.03-06.27.49:251][193]LogDemo: Cleaned up 0 splitscreen connections with owner deletion
[2021.11.03-06.27.49:255][193]LogExit: Game engine shut down
[2021.11.03-06.27.49:274][193]LogExit: Object subsystem successfully closed.
[2021.11.03-06.27.49:292][193]LogModuleManager: Shutting down and abandoning module AutomationController (358)
[2021.11.03-06.27.49:292][193]LogModuleManager: Shutting down and abandoning module AutomationWorker (356)
[2021.11.03-06.27.49:292][193]LogModuleManager: Shutting down and abandoning module Voice (354)
[2021.11.03-06.27.49:292][193]LogModuleManager: Shutting down and abandoning module AIModule (352)
[2021.11.03-06.27.49:292][193]LogModuleManager: Shutting down and abandoning module GameplayDebugger (351)
[2021.11.03-06.27.49:293][193]LogModuleManager: Shutting down and abandoning module NavigationSystem (349)
[2021.11.03-06.27.49:293][193]LogModuleManager: Shutting down and abandoning module WebMMediaFactory (346)
[2021.11.03-06.27.49:293][193]LogModuleManager: Shutting down and abandoning module WebMMedia (344)
[2021.11.03-06.27.49:293][193]LogModuleManager: Shutting down and abandoning module OpenXRInput (342)
[2021.11.03-06.27.49:293][193]LogModuleManager: Shutting down and abandoning module OculusMR (340)
[2021.11.03-06.27.49:293][193]LogModuleManager: Shutting down and abandoning module WmfMediaFactory (338)
[2021.11.03-06.27.49:293][193]LogModuleManager: Shutting down and abandoning module OpenExrWrapper (336)
[2021.11.03-06.27.49:293][193]LogModuleManager: Shutting down and abandoning module ImgMediaFactory (334)
[2021.11.03-06.27.49:293][193]LogModuleManager: Shutting down and abandoning module AvfMediaFactory (332)
[2021.11.03-06.27.49:293][193]LogModuleManager: Shutting down and abandoning module CharacterAI (330)
[2021.11.03-06.27.49:293][193]LogModuleManager: Shutting down and abandoning module PlanarCut (328)
[2021.11.03-06.27.49:293][193]LogModuleManager: Shutting down and abandoning module SessionServices (326)
[2021.11.03-06.27.49:293][193]LogModuleManager: Shutting down and abandoning module LiveCoding (324)
[2021.11.03-06.27.49:293][193]LogModuleManager: Shutting down and abandoning module LevelSequence (322)
[2021.11.03-06.27.49:293][193]LogModuleManager: Shutting down and abandoning module MovieSceneTracks (320)
[2021.11.03-06.27.49:294][193]LogModuleManager: Shutting down and abandoning module MovieScene (318)
[2021.11.03-06.27.49:294][193]LogModuleManager: Shutting down and abandoning module StreamingPauseRendering (316)
[2021.11.03-06.27.49:294][193]LogModuleManager: Shutting down and abandoning module AudioMixerXAudio2 (314)
[2021.11.03-06.27.49:294][193]LogModuleManager: Shutting down and abandoning module AudioMixerCore (313)
[2021.11.03-06.27.49:294][193]LogModuleManager: Shutting down and abandoning module ImageWriteQueue (310)
[2021.11.03-06.27.49:294][193]LogModuleManager: Shutting down and abandoning module ProfilerService (308)
[2021.11.03-06.27.49:444][193]LogModuleManager: Shutting down and abandoning module TaskGraph (306)
[2021.11.03-06.27.49:444][193]LogModuleManager: Shutting down and abandoning module Synthesis (304)
[2021.11.03-06.27.49:444][193]LogModuleManager: Shutting down and abandoning module TakeMovieScene (302)
[2021.11.03-06.27.49:444][193]LogModuleManager: Shutting down and abandoning module LiveLinkMovieScene (300)
[2021.11.03-06.27.49:444][193]LogModuleManager: Shutting down and abandoning module LiveLinkComponents (298)
[2021.11.03-06.27.49:444][193]LogModuleManager: Shutting down and abandoning module LiveLink (296)
[2021.11.03-06.27.49:948][193]LogModuleManager: Shutting down and abandoning module OculusInput (294)
[2021.11.03-06.27.49:948][193]LogModuleManager: Shutting down and abandoning module MobilePatchingUtils (292)
[2021.11.03-06.27.49:948][193]LogModuleManager: Shutting down and abandoning module GooglePAD (290)
[2021.11.03-06.27.49:948][193]LogModuleManager: Shutting down and abandoning module CustomMeshComponent (288)
[2021.11.03-06.27.49:948][193]LogModuleManager: Shutting down and abandoning module CableComponent (286)
[2021.11.03-06.27.49:948][193]LogModuleManager: Shutting down and abandoning module AudioCapture (284)
[2021.11.03-06.27.49:948][193]LogModuleManager: Shutting down and abandoning module AudioCaptureRtAudio (283)
[2021.11.03-06.27.49:948][193]LogModuleManager: Shutting down and abandoning module AssetTags (280)
[2021.11.03-06.27.49:948][193]LogModuleManager: Shutting down and abandoning module ArchVisCharacter (278)
[2021.11.03-06.27.49:948][193]LogModuleManager: Shutting down and abandoning module AppleImageUtils (276)
[2021.11.03-06.27.49:948][193]LogModuleManager: Shutting down and abandoning module AndroidPermission (274)
[2021.11.03-06.27.49:948][193]LogModuleManager: Shutting down and abandoning module ActorLayerUtilities (272)
[2021.11.03-06.27.49:948][193]LogModuleManager: Shutting down and abandoning module MediaCompositing (270)
[2021.11.03-06.27.49:948][193]LogModuleManager: Shutting down and abandoning module ImgMedia (268)
[2021.11.03-06.27.49:948][193]LogModuleManager: Shutting down and abandoning module MagicLeapLightEstimation (266)
[2021.11.03-06.27.49:948][193]LogModuleManager: Shutting down and abandoning module MagicLeapHelperVulkan (264)
[2021.11.03-06.27.49:948][193]LogModuleManager: Shutting down and abandoning module MagicLeapHelperOpenGL (262)
[2021.11.03-06.27.49:948][193]LogModuleManager: Shutting down and abandoning module MagicLeapAudio (260)
[2021.11.03-06.27.49:948][193]LogModuleManager: Shutting down and abandoning module MagicLeapSharedWorld (258)
[2021.11.03-06.27.49:948][193]LogModuleManager: Shutting down and abandoning module OpenImageDenoise (256)
[2021.11.03-06.27.49:948][193]LogModuleManager: Shutting down and abandoning module MotoSynth (254)
[2021.11.03-06.27.49:948][193]LogModuleManager: Shutting down and abandoning module ChaosNiagara (252)
[2021.11.03-06.27.49:949][193]LogModuleManager: Shutting down and abandoning module ProceduralMeshComponent (250)
[2021.11.03-06.27.49:949][193]LogModuleManager: Shutting down and abandoning module GeometryCollectionTracks (248)
[2021.11.03-06.27.49:949][193]LogModuleManager: Shutting down and abandoning module EditableMesh (246)
[2021.11.03-06.27.49:949][193]LogModuleManager: Shutting down and abandoning module MeshConversion (244)
[2021.11.03-06.27.49:949][193]LogModuleManager: Shutting down and abandoning module DynamicMesh (242)
[2021.11.03-06.27.49:949][193]LogModuleManager: Shutting down and abandoning module GeometryAlgorithms (240)
[2021.11.03-06.27.49:949][193]LogModuleManager: Shutting down and abandoning module GeometricObjects (238)
[2021.11.03-06.27.49:949][193]LogModuleManager: Shutting down and abandoning module BackChannel (236)
[2021.11.03-06.27.49:949][193]LogModuleManager: Shutting down and abandoning module AutomationUtils (234)
[2021.11.03-06.27.49:949][193]LogModuleManager: Shutting down and abandoning module GeometryCacheTracks (232)
[2021.11.03-06.27.49:949][193]LogModuleManager: Shutting down and abandoning module GeometryCache (230)
[2021.11.03-06.27.49:949][193]LogModuleManager: Shutting down and abandoning module UObjectPlugin (228)
[2021.11.03-06.27.49:949][193]LogModuleManager: Shutting down and abandoning module OodleNetworkHandlerComponent (226)
[2021.11.03-06.27.49:949][193]LogModuleManager: Shutting down and abandoning module TemplateSequence (224)
[2021.11.03-06.27.49:949][193]LogModuleManager: Shutting down and abandoning module GameplayCameras (222)
[2021.11.03-06.27.49:949][193]LogModuleManager: Shutting down and abandoning module AudioSynesthesia (220)
[2021.11.03-06.27.49:949][193]LogModuleManager: Shutting down and abandoning module AudioSynesthesiaCore (218)
[2021.11.03-06.27.49:949][193]LogModuleManager: Shutting down and abandoning module SoundFields (216)
[2021.11.03-06.27.49:949][193]LogModuleManager: Shutting down and abandoning module RuntimePhysXCooking (214)
[2021.11.03-06.27.49:949][193]LogModuleManager: Shutting down and abandoning module LocationServicesBPLibrary (210)
[2021.11.03-06.27.49:949][193]LogModuleManager: Shutting down and abandoning module ActorSequence (208)
[2021.11.03-06.27.49:949][193]LogModuleManager: Shutting down and abandoning module UdpMessaging (206)
[2021.11.03-06.27.49:949][193]LogModuleManager: Shutting down and abandoning module TcpMessaging (204)
[2021.11.03-06.27.49:949][193]LogModuleManager: Shutting down and abandoning module ImgMediaEngine (202)
[2021.11.03-06.27.49:949][193]LogModuleManager: Shutting down and abandoning module MagicLeapHandMeshing (200)
[2021.11.03-06.27.49:950][193]LogModuleManager: Shutting down and abandoning module MagicLeapSecureStorage (198)
[2021.11.03-06.27.49:950][193]LogModuleManager: Shutting down and abandoning module MagicLeapPrivileges (196)
[2021.11.03-06.27.49:950][193]LogModuleManager: Shutting down and abandoning module MagicLeapPlanes (194)
[2021.11.03-06.27.49:950][193]LogModuleManager: Shutting down and abandoning module MagicLeapImageTracker (192)
[2021.11.03-06.27.49:950][193]LogModuleManager: Shutting down and abandoning module MagicLeapIdentity (190)
[2021.11.03-06.27.49:950][193]LogModuleManager: Shutting down and abandoning module MagicLeapHandTracking (188)
[2021.11.03-06.27.49:950][193]LogModuleManager: Shutting down and abandoning module MagicLeapEyeTracker (186)
[2021.11.03-06.27.49:950][193]LogModuleManager: Shutting down and abandoning module MagicLeapController (184)
[2021.11.03-06.27.49:950][193]LogModuleManager: Shutting down and abandoning module MagicLeapARPinImpl (182)
[2021.11.03-06.27.49:950][193]LogModuleManager: Shutting down and abandoning module MagicLeapAR (180)
[2021.11.03-06.27.49:950][193]LogModuleManager: Shutting down and abandoning module MagicLeapARPin (178)
[2021.11.03-06.27.49:950][193]LogModuleManager: Shutting down and abandoning module NiagaraAnimNotifies (176)
[2021.11.03-06.27.49:950][193]LogModuleManager: Shutting down and abandoning module Niagara (174)
[2021.11.03-06.27.49:950][193]LogModuleManager: Shutting down and abandoning module SignalProcessing (173)
[2021.11.03-06.27.49:950][193]LogModuleManager: Shutting down and abandoning module NiagaraCore (170)
[2021.11.03-06.27.49:950][193]LogModuleManager: Shutting down and abandoning module FacialAnimation (168)
[2021.11.03-06.27.49:950][193]LogModuleManager: Shutting down and abandoning module SignificanceManager (166)
[2021.11.03-06.27.49:950][193]LogModuleManager: Shutting down and abandoning module AnimationSharing (164)
[2021.11.03-06.27.49:950][193]LogModuleManager: Shutting down and abandoning module LightPropagationVolumeRuntime (162)
[2021.11.03-06.27.49:950][193]LogModuleManager: Shutting down and abandoning module Paper2D (160)
[2021.11.03-06.27.49:950][193]LogModuleManager: Shutting down and abandoning module WindowsMoviePlayer (158)
[2021.11.03-06.27.49:950][193]LogModuleManager: Shutting down and abandoning module WebMMoviePlayer (156)
[2021.11.03-06.27.49:950][193]LogModuleManager: Shutting down and abandoning module NetworkReplayStreaming (154)
[2021.11.03-06.27.49:951][193]LogModuleManager: Shutting down and abandoning module PacketHandler (152)
[2021.11.03-06.27.49:951][193]LogModuleManager: Shutting down and abandoning module ClothingSystemRuntimeNv (150)
[2021.11.03-06.27.49:951][193]LogModuleManager: Shutting down and abandoning module MediaAssets (148)
[2021.11.03-06.27.49:951][193]LogModuleManager: Shutting down and abandoning module Overlay (146)
[2021.11.03-06.27.49:951][193]LogModuleManager: Shutting down and abandoning module FunctionalTesting (144)
[2021.11.03-06.27.49:951][193]LogModuleManager: Shutting down and abandoning module MessageLog (142)
[2021.11.03-06.27.49:951][193]LogModuleManager: Shutting down and abandoning module UMG (140)
[2021.11.03-06.27.49:951][193]LogModuleManager: Shutting down and abandoning module SlateReflector (138)
[2021.11.03-06.27.49:951][193]LogModuleManager: Shutting down and abandoning module Slate (136)
[2021.11.03-06.27.49:951][193]LogModuleManager: Shutting down and abandoning module SlateCore (134)
[2021.11.03-06.27.49:953][193]LogModuleManager: Shutting down and abandoning module MRMesh (132)
[2021.11.03-06.27.49:953][193]LogModuleManager: Shutting down and abandoning module Messaging (130)
[2021.11.03-06.27.49:953][193]LogModuleManager: Shutting down and abandoning module HeadMountedDisplay (128)
[2021.11.03-06.27.49:953][193]LogModuleManager: Shutting down and abandoning module XAudio2 (126)
[2021.11.03-06.27.49:953][193]LogModuleManager: Shutting down and abandoning module Networking (124)
[2021.11.03-06.27.49:953][193]LogModuleManager: Shutting down and abandoning module Core (122)
[2021.11.03-06.27.49:953][193]LogModuleManager: Shutting down and abandoning module FieldSystemEngine (120)
[2021.11.03-06.27.49:953][193]LogModuleManager: Shutting down and abandoning module ImageWrapper (116)
[2021.11.03-06.27.49:953][193]LogModuleManager: Shutting down and abandoning module D3D11RHI (114)
[2021.11.03-06.27.49:953][193]LogModuleManager: Shutting down and abandoning module InputCore (112)
[2021.11.03-06.27.49:953][193]LogModuleManager: Shutting down and abandoning module Settings (110)
[2021.11.03-06.27.49:953][193]LogModuleManager: Shutting down and abandoning module PhysXCooking (108)
[2021.11.03-06.27.49:953][193]LogModuleManager: Shutting down and abandoning module Chaos (106)
[2021.11.03-06.27.49:953][193]LogModuleManager: Shutting down and abandoning module WindowsPlatformFeatures (104)
[2021.11.03-06.27.49:953][193]LogModuleManager: Shutting down and abandoning module GameplayMediaEncoder (103)
[2021.11.03-06.27.49:953][193]LogModuleManager: Shutting down and abandoning module AVEncoder (102)
[2021.11.03-06.27.49:953][193]LogModuleManager: Shutting down and abandoning module SteamVRInputDevice (98)
[2021.11.03-06.27.49:953][193]LogModuleManager: Shutting down and abandoning module SteamVRInput (96)
[2021.11.03-06.27.49:953][193]LogModuleManager: Shutting down and abandoning module SteamVR (94)
[2021.11.03-06.27.49:954][193]LogHMD: Freeing OpenVRDLLHandle.
[2021.11.03-06.27.49:954][193]LogModuleManager: Shutting down and abandoning module OpenXRHandTracking (92)
[2021.11.03-06.27.49:954][193]LogSlate: Slate User Destroyed.  User Index 0, Is Virtual User: 0
[2021.11.03-06.27.49:954][193]LogModuleManager: Shutting down and abandoning module OpenXRAR (90)
[2021.11.03-06.27.49:954][193]LogModuleManager: Shutting down and abandoning module AugmentedReality (89)
[2021.11.03-06.27.49:954][193]LogModuleManager: Shutting down and abandoning module OpenXRHMD (86)
[2021.11.03-06.27.49:954][193]LogModuleManager: Shutting down and abandoning module OpenXREyeTracker (84)
[2021.11.03-06.27.49:954][193]LogModuleManager: Shutting down and abandoning module OculusHMD (82)
[2021.11.03-06.27.49:954][193]LogModuleManager: Shutting down and abandoning module ExampleDeviceProfileSelector (80)
[2021.11.03-06.27.49:954][193]LogModuleManager: Shutting down and abandoning module ChunkDownloader (78)
[2021.11.03-06.27.49:954][193]LogModuleManager: Shutting down and abandoning module LauncherChunkInstaller (76)
[2021.11.03-06.27.49:954][193]LogModuleManager: Shutting down and abandoning module OnlineSubsystem (72)
[2021.11.03-06.27.49:954][193]LogModuleManager: Shutting down and abandoning module HTTP (67)
[2021.11.03-06.27.49:955][193]LogHttp: Display: cleaning up 0 outstanding Http requests.
[2021.11.03-06.27.49:963][193]LogModuleManager: Shutting down and abandoning module SSL (66)
[2021.11.03-06.27.49:963][193]LogModuleManager: Shutting down and abandoning module WmfMedia (62)
[2021.11.03-06.27.49:964][193]LogModuleManager: Shutting down and abandoning module Media (61)
[2021.11.03-06.27.49:964][193]LogModuleManager: Shutting down and abandoning module MediaInfo (60)
[2021.11.03-06.27.49:964][193]LogModuleManager: Shutting down and abandoning module ExrReaderGpu (56)
[2021.11.03-06.27.49:964][193]LogModuleManager: Shutting down and abandoning module MLSDK (54)
[2021.11.03-06.27.49:964][193]LogModuleManager: Shutting down and abandoning module MagicLeap (52)
[2021.11.03-06.27.49:964][193]LogModuleManager: Shutting down and abandoning module NiagaraVertexFactories (50)
[2021.11.03-06.27.49:964][193]LogModuleManager: Shutting down and abandoning module NiagaraShader (48)
[2021.11.03-06.27.49:964][193]LogModuleManager: Shutting down and abandoning module ChaosCloth (46)
[2021.11.03-06.27.49:964][193]LogModuleManager: Shutting down and abandoning module VariantManagerContent (44)
[2021.11.03-06.27.49:964][193]LogModuleManager: Shutting down and abandoning module DatasmithContent (42)
[2021.11.03-06.27.49:965][193]LogModuleManager: Shutting down and abandoning module PixWinPlugin (40)
[2021.11.03-06.27.49:965][193]LogModuleManager: Shutting down and abandoning module AISupportModule (38)
[2021.11.03-06.27.49:965][193]LogModuleManager: Shutting down and abandoning module PlatformCryptoOpenSSL (36)
[2021.11.03-06.27.49:965][193]LogModuleManager: Shutting down and abandoning module PlatformCryptoTypes (34)
[2021.11.03-06.27.49:965][193]LogModuleManager: Shutting down and abandoning module PlatformCrypto (32)
[2021.11.03-06.27.49:965][193]LogModuleManager: Shutting down and abandoning module PythonScriptPluginPreload (30)
[2021.11.03-06.27.49:965][193]LogModuleManager: Shutting down and abandoning module OodleDataCompressionFormat (28)
[2021.11.03-06.27.49:965][193]LogModuleManager: Shutting down and abandoning module RenderCore (26)
[2021.11.03-06.27.49:965][193]LogModuleManager: Shutting down and abandoning module Landscape (24)
[2021.11.03-06.27.49:965][193]LogModuleManager: Shutting down and abandoning module SlateRHIRenderer (22)
[2021.11.03-06.27.49:965][193]LogModuleManager: Shutting down and abandoning module AnimGraphRuntime (20)
[2021.11.03-06.27.49:965][193]LogModuleManager: Shutting down and abandoning module Renderer (18)
[2021.11.03-06.27.49:965][193]LogModuleManager: Shutting down and abandoning module Engine (16)
[2021.11.03-06.27.49:965][193]LogModuleManager: Shutting down and abandoning module CoreUObject (14)
[2021.11.03-06.27.49:965][193]LogModuleManager: Shutting down and abandoning module NetworkFile (12)
[2021.11.03-06.27.49:965][193]LogModuleManager: Shutting down and abandoning module CookedIterativeFile (10)
[2021.11.03-06.27.49:965][193]LogModuleManager: Shutting down and abandoning module StreamingFile (8)
[2021.11.03-06.27.49:965][193]LogModuleManager: Shutting down and abandoning module SandboxFile (6)
[2021.11.03-06.27.49:965][193]LogModuleManager: Shutting down and abandoning module PakFile (4)
[2021.11.03-06.27.49:966][193]LogModuleManager: Shutting down and abandoning module RSA (3)
[2021.11.03-06.27.49:966][193]LogContentStreaming: Display: There are 1 unreleased StreamingManagers
[2021.11.03-06.27.49:967][193]LogD3D11RHI: Shutdown
[2021.11.03-06.27.49:967][193]LogD3D11RHI: CleanupD3DDevice
[2021.11.03-06.27.49:972][193]LogD3D11RHI: Intel Extensions Framework unloaded
[2021.11.03-06.27.50:009][193]LogD3D11RHI: [IntelMetricsDiscovery] Stopped
[2021.11.03-06.27.50:013][193]LogExit: Exiting.
[2021.11.03-06.27.50:052][193]Log file closed, 11/03/21 01:27:50
